device = cpu
Loading SMNIST ...
train: 10000, test: 2000
Loading results/ckpt_overnight_default_10k.pt ...
  resumed from epoch 2 (test_acc 0.4735)
net params: {'total': 226026, 'layer_0': 8704, 'layer_1': 82432, 'layer_2': 134880, 'pool_bias': 10}
[ep 0 step     0 t=  11.7s] loss=1.114 (ema 1.114) acc=0.625 (ema 0.625)
[ep 0 step    20 t= 214.7s] loss=0.984 (ema 1.177) acc=0.625 (ema 0.560)
[ep 0 step    40 t= 419.6s] loss=1.479 (ema 1.173) acc=0.469 (ema 0.565)
[ep 0 step    60 t= 625.4s] loss=0.831 (ema 1.108) acc=0.625 (ema 0.584)
[ep 0 step    80 t= 844.4s] loss=1.388 (ema 1.167) acc=0.562 (ema 0.560)
[ep 0 step   100 t=1096.6s] loss=1.138 (ema 1.143) acc=0.594 (ema 0.569)
[ep 0 step   120 t=1377.9s] loss=1.378 (ema 1.200) acc=0.438 (ema 0.549)
[ep 0 step   140 t=1612.4s] loss=0.879 (ema 1.136) acc=0.625 (ema 0.567)
[ep 0 step   160 t=1908.9s] loss=1.155 (ema 1.147) acc=0.562 (ema 0.576)
[ep 0 step   180 t=2221.1s] loss=1.099 (ema 1.142) acc=0.500 (ema 0.571)
[ep 0 step   200 t=2520.0s] loss=1.272 (ema 1.166) acc=0.469 (ema 0.564)
[ep 0 step   220 t=2727.8s] loss=1.318 (ema 1.140) acc=0.469 (ema 0.566)
[ep 0 step   240 t=2932.8s] loss=1.019 (ema 1.138) acc=0.656 (ema 0.570)
[ep 0 step   260 t=3140.6s] loss=1.084 (ema 1.127) acc=0.656 (ema 0.581)
[ep 0 step   280 t=3348.2s] loss=1.267 (ema 1.099) acc=0.531 (ema 0.591)
[ep 0 step   300 t=3556.4s] loss=1.030 (ema 1.097) acc=0.625 (ema 0.574)
[ep 0 EVAL t=3689.5s] test_loss=1.217 test_acc=0.5255  rates=[0.1393, 0.3009, 0.5781]
  saved best ckpt to results/ckpt_continue_default.pt (test_acc=0.5255)
[ep 1 step   320 t=3774.1s] loss=1.140 (ema 1.103) acc=0.531 (ema 0.587)
[ep 1 step   340 t=3982.0s] loss=1.047 (ema 1.145) acc=0.562 (ema 0.562)
[ep 1 step   360 t=4190.2s] loss=1.057 (ema 1.131) acc=0.625 (ema 0.583)
[ep 1 step   380 t=4398.2s] loss=1.058 (ema 1.097) acc=0.531 (ema 0.593)
[ep 1 step   400 t=4608.8s] loss=1.277 (ema 1.121) acc=0.469 (ema 0.595)
[ep 1 step   420 t=4820.1s] loss=1.242 (ema 1.114) acc=0.562 (ema 0.597)
[ep 1 step   440 t=5031.9s] loss=1.260 (ema 1.110) acc=0.531 (ema 0.568)
[ep 1 step   460 t=5244.0s] loss=1.063 (ema 1.098) acc=0.625 (ema 0.591)
[ep 1 EVAL t=5419.0s] test_loss=1.186 test_acc=0.5455  rates=[0.1406, 0.3021, 0.5688]
  saved best ckpt to results/ckpt_continue_default.pt (test_acc=0.5455)
time budget reached.
best test acc (in-loop): 0.5455
  saved final ckpt to results/ckpt_continue_default_last.pt
