Loading SMNIST ...
Loading checkpoint ...
  computing train features (60000 samples) ...
    done in 418.1s. mean=0.6974, std=0.2877, zero_rate=0.0020
  cached at results/feat_cache/trained_train.pt
  computing test features (10000 samples) ...
    done in 76.1s. mean=0.6979, std=0.2873, zero_rate=0.0019
  cached at results/feat_cache/trained_test.pt

Feature dim = 240, n_classes = 10

=== linear lr=0.001 ===
  [linear_lr0.001] ep   0 train=0.5783 test=0.5689 best=0.5689
  [linear_lr0.001] ep  20 train=0.6411 test=0.6339 best=0.6339
  [linear_lr0.001] ep  40 train=0.6403 test=0.6306 best=0.6377
  [linear_lr0.001] ep  60 train=0.6474 test=0.6408 best=0.6431
  [linear_lr0.001] ep  80 train=0.6467 test=0.6390 best=0.6446
  [linear_lr0.001] ep 100 train=0.6466 test=0.6388 best=0.6470
  [linear_lr0.001] ep 120 train=0.6513 test=0.6400 best=0.6472
  [linear_lr0.001] ep 140 train=0.6569 test=0.6454 best=0.6479
  [linear_lr0.001] ep 149 train=0.6481 test=0.6386 best=0.6483

=== linear lr=0.003 ===
  [linear_lr0.003] ep   0 train=0.6098 test=0.6011 best=0.6011
  [linear_lr0.003] ep  20 train=0.6373 test=0.6287 best=0.6365
  [linear_lr0.003] ep  40 train=0.6372 test=0.6276 best=0.6460
  [linear_lr0.003] ep  60 train=0.6469 test=0.6337 best=0.6467
  [linear_lr0.003] ep  80 train=0.6520 test=0.6445 best=0.6467
  [linear_lr0.003] ep 100 train=0.6554 test=0.6458 best=0.6486
  [linear_lr0.003] ep 120 train=0.6558 test=0.6455 best=0.6496
  [linear_lr0.003] ep 140 train=0.6458 test=0.6394 best=0.6496
  [linear_lr0.003] ep 149 train=0.6494 test=0.6381 best=0.6504

=== linear lr=0.01 ===
  [linear_lr0.01] ep   0 train=0.5999 test=0.5914 best=0.5914
  [linear_lr0.01] ep  20 train=0.6254 test=0.6169 best=0.6336
  [linear_lr0.01] ep  40 train=0.6301 test=0.6236 best=0.6436
  [linear_lr0.01] ep  60 train=0.6283 test=0.6217 best=0.6471
  [linear_lr0.01] ep  80 train=0.6513 test=0.6390 best=0.6471
  [linear_lr0.01] ep 100 train=0.6507 test=0.6408 best=0.6484
  [linear_lr0.01] ep 120 train=0.6276 test=0.6205 best=0.6484
  [linear_lr0.01] ep 140 train=0.6316 test=0.6262 best=0.6484
  [linear_lr0.01] ep 149 train=0.6148 test=0.6062 best=0.6484

=== mlp h=128 drop=0.0 ===
  [mlp_h128_drop0.0] ep   0 train=0.6095 test=0.6018 best=0.6018
  [mlp_h128_drop0.0] ep  20 train=0.6685 test=0.6568 best=0.6601
  [mlp_h128_drop0.0] ep  40 train=0.6733 test=0.6607 best=0.6678
  [mlp_h128_drop0.0] ep  60 train=0.6462 test=0.6297 best=0.6699
  [mlp_h128_drop0.0] ep  80 train=0.6684 test=0.6596 best=0.6699
  [mlp_h128_drop0.0] ep 100 train=0.6781 test=0.6642 best=0.6713
  [mlp_h128_drop0.0] ep 120 train=0.6740 test=0.6648 best=0.6737
  [mlp_h128_drop0.0] ep 140 train=0.6826 test=0.6741 best=0.6741
  [mlp_h128_drop0.0] ep 149 train=0.6698 test=0.6543 best=0.6741

=== mlp h=128 drop=0.3 ===
  [mlp_h128_drop0.3] ep   0 train=0.6094 test=0.5957 best=0.5957
  [mlp_h128_drop0.3] ep  20 train=0.6549 test=0.6417 best=0.6435
  [mlp_h128_drop0.3] ep  40 train=0.6551 test=0.6474 best=0.6503
  [mlp_h128_drop0.3] ep  60 train=0.6532 test=0.6462 best=0.6578
  [mlp_h128_drop0.3] ep  80 train=0.6620 test=0.6490 best=0.6602
  [mlp_h128_drop0.3] ep 100 train=0.6546 test=0.6423 best=0.6602
  [mlp_h128_drop0.3] ep 120 train=0.6515 test=0.6387 best=0.6602
  [mlp_h128_drop0.3] ep 140 train=0.6560 test=0.6501 best=0.6602
  [mlp_h128_drop0.3] ep 149 train=0.6605 test=0.6515 best=0.6602

=== mlp h=512 drop=0.0 ===
  [mlp_h512_drop0.0] ep   0 train=0.6162 test=0.6101 best=0.6101
  [mlp_h512_drop0.0] ep  20 train=0.6616 test=0.6471 best=0.6523
  [mlp_h512_drop0.0] ep  40 train=0.6689 test=0.6602 best=0.6653
  [mlp_h512_drop0.0] ep  60 train=0.6605 test=0.6488 best=0.6683
  [mlp_h512_drop0.0] ep  80 train=0.6714 test=0.6596 best=0.6683
  [mlp_h512_drop0.0] ep 100 train=0.6758 test=0.6628 best=0.6751
  [mlp_h512_drop0.0] ep 120 train=0.6808 test=0.6729 best=0.6751
  [mlp_h512_drop0.0] ep 140 train=0.6838 test=0.6712 best=0.6751
  [mlp_h512_drop0.0] ep 149 train=0.6794 test=0.6687 best=0.6751

=== mlp h=512 drop=0.3 ===
  [mlp_h512_drop0.3] ep   0 train=0.6155 test=0.6062 best=0.6062
  [mlp_h512_drop0.3] ep  20 train=0.6561 test=0.6480 best=0.6480
  [mlp_h512_drop0.3] ep  40 train=0.6619 test=0.6517 best=0.6517
  [mlp_h512_drop0.3] ep  60 train=0.6508 test=0.6383 best=0.6541
  [mlp_h512_drop0.3] ep  80 train=0.6550 test=0.6492 best=0.6584
  [mlp_h512_drop0.3] ep 100 train=0.6622 test=0.6497 best=0.6584
  [mlp_h512_drop0.3] ep 120 train=0.6555 test=0.6458 best=0.6591
  [mlp_h512_drop0.3] ep 140 train=0.6562 test=0.6467 best=0.6603
  [mlp_h512_drop0.3] ep 149 train=0.6381 test=0.6254 best=0.6603

=== ridge alpha=0.01: train=0.1795 test=0.1730 ===

=== ridge alpha=0.1: train=0.4603 test=0.4576 ===

=== ridge alpha=1.0: train=0.6311 test=0.6247 ===

=== ridge alpha=10.0: train=0.6302 test=0.6240 ===

=== Done. CSV at: results/run_heads_on_trained.csv ===
