loading SMNIST ...
train: 5000, test: 1000
building net ...
net params: {'total': 941706, 'layer_0': 34816, 'layer_1': 558080, 'layer_2': 348800, 'pool_bias': 10}
computing train features ...
  done in 66.8s, shape: torch.Size([5000, 320])
  feature stats: mean=0.7212, std=0.2811, zero_rate=0.0000
computing test features ...
  done in 14.4s, shape: torch.Size([1000, 320])

=== Linear head ===
  ep   0  t=  0.0s  train_acc=0.2064  test_acc=0.2140
  ep   1  t=  0.0s  train_acc=0.2444  test_acc=0.2360
  ep   2  t=  0.0s  train_acc=0.2538  test_acc=0.2190
  ep   3  t=  0.0s  train_acc=0.2166  test_acc=0.2150
  ep   4  t=  0.0s  train_acc=0.2088  test_acc=0.1840
  ep   5  t=  0.0s  train_acc=0.2688  test_acc=0.2650
  ep   6  t=  0.0s  train_acc=0.2964  test_acc=0.3090
  ep   7  t=  0.0s  train_acc=0.2954  test_acc=0.2570
  ep   8  t=  0.0s  train_acc=0.2864  test_acc=0.2780
  ep   9  t=  0.0s  train_acc=0.3358  test_acc=0.3040
  ep  10  t=  0.0s  train_acc=0.3124  test_acc=0.2940
  ep  11  t=  0.0s  train_acc=0.3498  test_acc=0.3160
  ep  12  t=  0.0s  train_acc=0.3154  test_acc=0.2940
  ep  13  t=  0.0s  train_acc=0.3442  test_acc=0.3100
  ep  14  t=  0.0s  train_acc=0.3514  test_acc=0.3020
  ep  15  t=  0.0s  train_acc=0.3932  test_acc=0.3300
  ep  16  t=  0.0s  train_acc=0.3808  test_acc=0.3310
  ep  17  t=  0.0s  train_acc=0.3400  test_acc=0.3110
  ep  18  t=  0.0s  train_acc=0.3128  test_acc=0.2530
  ep  19  t=  0.0s  train_acc=0.3856  test_acc=0.3540
  ep  20  t=  0.0s  train_acc=0.3888  test_acc=0.3590
  ep  21  t=  0.0s  train_acc=0.3554  test_acc=0.3200
  ep  22  t=  0.0s  train_acc=0.4102  test_acc=0.3370
  ep  23  t=  0.0s  train_acc=0.3962  test_acc=0.3370
  ep  24  t=  0.0s  train_acc=0.4092  test_acc=0.3370
  ep  25  t=  0.0s  train_acc=0.4272  test_acc=0.3780
  ep  26  t=  0.0s  train_acc=0.3980  test_acc=0.3710
  ep  27  t=  0.0s  train_acc=0.4358  test_acc=0.4000
  ep  28  t=  0.0s  train_acc=0.3988  test_acc=0.3410
  ep  29  t=  0.0s  train_acc=0.4118  test_acc=0.3490
  ep  30  t=  0.0s  train_acc=0.4250  test_acc=0.3830
  ep  31  t=  0.0s  train_acc=0.4004  test_acc=0.3750
  ep  32  t=  0.0s  train_acc=0.4028  test_acc=0.3530
  ep  33  t=  0.0s  train_acc=0.4140  test_acc=0.3400
  ep  34  t=  0.0s  train_acc=0.4216  test_acc=0.3640
  ep  35  t=  0.0s  train_acc=0.4182  test_acc=0.3820
  ep  36  t=  0.0s  train_acc=0.4318  test_acc=0.3850
  ep  37  t=  0.0s  train_acc=0.4100  test_acc=0.3300
  ep  38  t=  0.0s  train_acc=0.3872  test_acc=0.3660
  ep  39  t=  0.0s  train_acc=0.4018  test_acc=0.3550
  ep  40  t=  0.0s  train_acc=0.4218  test_acc=0.3830
  ep  41  t=  0.0s  train_acc=0.3618  test_acc=0.3040
  ep  42  t=  0.0s  train_acc=0.4520  test_acc=0.3900
  ep  43  t=  0.0s  train_acc=0.4588  test_acc=0.4070
  ep  44  t=  0.0s  train_acc=0.4282  test_acc=0.3860
  ep  45  t=  0.0s  train_acc=0.4122  test_acc=0.3730
  ep  46  t=  0.0s  train_acc=0.4354  test_acc=0.3740
  ep  47  t=  0.0s  train_acc=0.3954  test_acc=0.3410
  ep  48  t=  0.0s  train_acc=0.4486  test_acc=0.3780
  ep  49  t=  0.0s  train_acc=0.4478  test_acc=0.4040
  ep  50  t=  0.0s  train_acc=0.4068  test_acc=0.3450
  ep  51  t=  0.0s  train_acc=0.4340  test_acc=0.3990
  ep  52  t=  0.0s  train_acc=0.4372  test_acc=0.3890
  ep  53  t=  0.0s  train_acc=0.4534  test_acc=0.3830
  ep  54  t=  0.0s  train_acc=0.4062  test_acc=0.3760
  ep  55  t=  0.0s  train_acc=0.4790  test_acc=0.4010
  ep  56  t=  0.0s  train_acc=0.4120  test_acc=0.3710
  ep  57  t=  0.0s  train_acc=0.4674  test_acc=0.4260
  ep  58  t=  0.0s  train_acc=0.4530  test_acc=0.3730
  ep  59  t=  0.0s  train_acc=0.4148  test_acc=0.3600
linear best test: 0.4260
