loading SMNIST ...
train: 5000, test: 1000
building net ...
net params: {'total': 600970, 'layer_0': 19968, 'layer_1': 314112, 'layer_2': 266880, 'pool_bias': 10}
computing train features ...
  done in 63.0s, shape: torch.Size([5000, 320])
  feature stats: mean=0.0010, std=0.0030, zero_rate=0.8692
computing test features ...
  done in 18.9s, shape: torch.Size([1000, 320])

=== Linear head ===
  ep   0  t=  0.0s  train_acc=0.1832  test_acc=0.1760
  ep   1  t=  0.0s  train_acc=0.1904  test_acc=0.1830
  ep   2  t=  0.0s  train_acc=0.1932  test_acc=0.1840
  ep   3  t=  0.0s  train_acc=0.1938  test_acc=0.2110
  ep   4  t=  0.0s  train_acc=0.1952  test_acc=0.2120
  ep   5  t=  0.0s  train_acc=0.1932  test_acc=0.1840
  ep   6  t=  0.0s  train_acc=0.1932  test_acc=0.1840
  ep   7  t=  0.0s  train_acc=0.2042  test_acc=0.2160
  ep   8  t=  0.0s  train_acc=0.1942  test_acc=0.2110
  ep   9  t=  0.0s  train_acc=0.1980  test_acc=0.2150
  ep  10  t=  0.0s  train_acc=0.1990  test_acc=0.2180
  ep  11  t=  0.0s  train_acc=0.1994  test_acc=0.2160
  ep  12  t=  0.0s  train_acc=0.2018  test_acc=0.2200
  ep  13  t=  0.0s  train_acc=0.2084  test_acc=0.2240
  ep  14  t=  0.0s  train_acc=0.2082  test_acc=0.2260
  ep  15  t=  0.0s  train_acc=0.2240  test_acc=0.2280
  ep  16  t=  0.0s  train_acc=0.2172  test_acc=0.2250
  ep  17  t=  0.0s  train_acc=0.2216  test_acc=0.2270
  ep  18  t=  0.0s  train_acc=0.2118  test_acc=0.2230
  ep  19  t=  0.0s  train_acc=0.2134  test_acc=0.2260
  ep  20  t=  0.0s  train_acc=0.2214  test_acc=0.2270
  ep  21  t=  0.0s  train_acc=0.2234  test_acc=0.2260
  ep  22  t=  0.0s  train_acc=0.2172  test_acc=0.2270
  ep  23  t=  0.0s  train_acc=0.2218  test_acc=0.2270
  ep  24  t=  0.0s  train_acc=0.2206  test_acc=0.2260
  ep  25  t=  0.0s  train_acc=0.2198  test_acc=0.2270
  ep  26  t=  0.0s  train_acc=0.2356  test_acc=0.2300
  ep  27  t=  0.0s  train_acc=0.2288  test_acc=0.2310
  ep  28  t=  0.0s  train_acc=0.2296  test_acc=0.2350
  ep  29  t=  0.0s  train_acc=0.2150  test_acc=0.2240
  ep  30  t=  0.0s  train_acc=0.2336  test_acc=0.2310
  ep  31  t=  0.0s  train_acc=0.2358  test_acc=0.2340
  ep  32  t=  0.0s  train_acc=0.2370  test_acc=0.2350
  ep  33  t=  0.0s  train_acc=0.2298  test_acc=0.2310
  ep  34  t=  0.0s  train_acc=0.2330  test_acc=0.2320
  ep  35  t=  0.0s  train_acc=0.2332  test_acc=0.2290
  ep  36  t=  0.0s  train_acc=0.2352  test_acc=0.2350
  ep  37  t=  0.0s  train_acc=0.2300  test_acc=0.2340
  ep  38  t=  0.0s  train_acc=0.2242  test_acc=0.2260
  ep  39  t=  0.0s  train_acc=0.2298  test_acc=0.2050
  ep  40  t=  0.0s  train_acc=0.2342  test_acc=0.2100
  ep  41  t=  0.0s  train_acc=0.2344  test_acc=0.2120
  ep  42  t=  0.0s  train_acc=0.2370  test_acc=0.2130
  ep  43  t=  0.0s  train_acc=0.2304  test_acc=0.2300
  ep  44  t=  0.0s  train_acc=0.2334  test_acc=0.2360
  ep  45  t=  0.0s  train_acc=0.2266  test_acc=0.2300
  ep  46  t=  0.0s  train_acc=0.2690  test_acc=0.2500
  ep  47  t=  0.0s  train_acc=0.2246  test_acc=0.2300
  ep  48  t=  0.0s  train_acc=0.2338  test_acc=0.2330
  ep  49  t=  0.0s  train_acc=0.2336  test_acc=0.2340
  ep  50  t=  0.0s  train_acc=0.2236  test_acc=0.2080
  ep  51  t=  0.0s  train_acc=0.2228  test_acc=0.2030
  ep  52  t=  0.0s  train_acc=0.2374  test_acc=0.2300
  ep  53  t=  0.0s  train_acc=0.2476  test_acc=0.2340
  ep  54  t=  0.0s  train_acc=0.2482  test_acc=0.2390
  ep  55  t=  0.0s  train_acc=0.2464  test_acc=0.2310
  ep  56  t=  0.0s  train_acc=0.2458  test_acc=0.2420
  ep  57  t=  0.0s  train_acc=0.2386  test_acc=0.2370
  ep  58  t=  0.0s  train_acc=0.2384  test_acc=0.2370
  ep  59  t=  0.0s  train_acc=0.2494  test_acc=0.2430
linear best test: 0.2500
