loading SMNIST ...
train: 200, test: 200
building net ...
net params: {'total': 226026, 'layer_0': 8704, 'layer_1': 82432, 'layer_2': 134880, 'pool_bias': 10}
computing train features ...
  done in 1.7s, shape: torch.Size([200, 240])
  feature stats: mean=0.3823, std=0.3722, zero_rate=0.0347
computing test features ...
  done in 1.7s, shape: torch.Size([200, 240])

=== Linear head ===
  ep   0  t=  0.0s  train_acc=0.1300  test_acc=0.1450
  ep   1  t=  0.0s  train_acc=0.2250  test_acc=0.1600
  ep   2  t=  0.0s  train_acc=0.2100  test_acc=0.1550
  ep   3  t=  0.0s  train_acc=0.2900  test_acc=0.3250
  ep   4  t=  0.0s  train_acc=0.3000  test_acc=0.3100
  ep   5  t=  0.0s  train_acc=0.2900  test_acc=0.2400
  ep   6  t=  0.0s  train_acc=0.3300  test_acc=0.2150
  ep   7  t=  0.0s  train_acc=0.3150  test_acc=0.2450
  ep   8  t=  0.0s  train_acc=0.3600  test_acc=0.2750
  ep   9  t=  0.0s  train_acc=0.4400  test_acc=0.3400
  ep  10  t=  0.0s  train_acc=0.3850  test_acc=0.2950
  ep  11  t=  0.0s  train_acc=0.3350  test_acc=0.2600
  ep  12  t=  0.0s  train_acc=0.3150  test_acc=0.2450
  ep  13  t=  0.0s  train_acc=0.3800  test_acc=0.2850
  ep  14  t=  0.0s  train_acc=0.4000  test_acc=0.2900
  ep  15  t=  0.0s  train_acc=0.3950  test_acc=0.3550
  ep  16  t=  0.0s  train_acc=0.4000  test_acc=0.3500
  ep  17  t=  0.0s  train_acc=0.3900  test_acc=0.3100
  ep  18  t=  0.0s  train_acc=0.3700  test_acc=0.2350
  ep  19  t=  0.0s  train_acc=0.4100  test_acc=0.2600
  ep  20  t=  0.0s  train_acc=0.4150  test_acc=0.3200
  ep  21  t=  0.0s  train_acc=0.4400  test_acc=0.3250
  ep  22  t=  0.0s  train_acc=0.4000  test_acc=0.3150
  ep  23  t=  0.0s  train_acc=0.3800  test_acc=0.2750
  ep  24  t=  0.0s  train_acc=0.4400  test_acc=0.3100
  ep  25  t=  0.0s  train_acc=0.4750  test_acc=0.3300
  ep  26  t=  0.0s  train_acc=0.4750  test_acc=0.3350
  ep  27  t=  0.0s  train_acc=0.4200  test_acc=0.3250
  ep  28  t=  0.0s  train_acc=0.4200  test_acc=0.2850
  ep  29  t=  0.0s  train_acc=0.4650  test_acc=0.3250
  ep  30  t=  0.0s  train_acc=0.4950  test_acc=0.3450
  ep  31  t=  0.0s  train_acc=0.4700  test_acc=0.3400
  ep  32  t=  0.0s  train_acc=0.4550  test_acc=0.3300
  ep  33  t=  0.0s  train_acc=0.4350  test_acc=0.3250
  ep  34  t=  0.0s  train_acc=0.4250  test_acc=0.2850
  ep  35  t=  0.0s  train_acc=0.4600  test_acc=0.3050
  ep  36  t=  0.0s  train_acc=0.5050  test_acc=0.3350
  ep  37  t=  0.0s  train_acc=0.5300  test_acc=0.3100
  ep  38  t=  0.0s  train_acc=0.4950  test_acc=0.2950
  ep  39  t=  0.0s  train_acc=0.4900  test_acc=0.3350
  ep  40  t=  0.0s  train_acc=0.4650  test_acc=0.3250
  ep  41  t=  0.0s  train_acc=0.5050  test_acc=0.3400
  ep  42  t=  0.0s  train_acc=0.5100  test_acc=0.3100
  ep  43  t=  0.0s  train_acc=0.4900  test_acc=0.3150
  ep  44  t=  0.0s  train_acc=0.4750  test_acc=0.3400
  ep  45  t=  0.0s  train_acc=0.4800  test_acc=0.3550
  ep  46  t=  0.0s  train_acc=0.4900  test_acc=0.3600
  ep  47  t=  0.0s  train_acc=0.5400  test_acc=0.3300
  ep  48  t=  0.0s  train_acc=0.4800  test_acc=0.3250
  ep  49  t=  0.0s  train_acc=0.4650  test_acc=0.3400
  ep  50  t=  0.0s  train_acc=0.4600  test_acc=0.3300
  ep  51  t=  0.0s  train_acc=0.5250  test_acc=0.3350
  ep  52  t=  0.0s  train_acc=0.5400  test_acc=0.3600
  ep  53  t=  0.0s  train_acc=0.5100  test_acc=0.3350
  ep  54  t=  0.0s  train_acc=0.4950  test_acc=0.3250
  ep  55  t=  0.0s  train_acc=0.5100  test_acc=0.3500
  ep  56  t=  0.0s  train_acc=0.5550  test_acc=0.3700
  ep  57  t=  0.0s  train_acc=0.5250  test_acc=0.3550
  ep  58  t=  0.0s  train_acc=0.5250  test_acc=0.3250
  ep  59  t=  0.0s  train_acc=0.4950  test_acc=0.3200
  ep  60  t=  0.0s  train_acc=0.5000  test_acc=0.3100
  ep  61  t=  0.0s  train_acc=0.5300  test_acc=0.3450
  ep  62  t=  0.0s  train_acc=0.5200  test_acc=0.3450
  ep  63  t=  0.0s  train_acc=0.5250  test_acc=0.3550
  ep  64  t=  0.0s  train_acc=0.5550  test_acc=0.3850
  ep  65  t=  0.0s  train_acc=0.5600  test_acc=0.3350
  ep  66  t=  0.0s  train_acc=0.5150  test_acc=0.3600
  ep  67  t=  0.0s  train_acc=0.5350  test_acc=0.3600
  ep  68  t=  0.0s  train_acc=0.5350  test_acc=0.3450
  ep  69  t=  0.0s  train_acc=0.5600  test_acc=0.3400
  ep  70  t=  0.0s  train_acc=0.5550  test_acc=0.3600
  ep  71  t=  0.0s  train_acc=0.5600  test_acc=0.3450
  ep  72  t=  0.0s  train_acc=0.5350  test_acc=0.3600
  ep  73  t=  0.0s  train_acc=0.5450  test_acc=0.3650
  ep  74  t=  0.0s  train_acc=0.5350  test_acc=0.3500
  ep  75  t=  0.0s  train_acc=0.5400  test_acc=0.3450
  ep  76  t=  0.0s  train_acc=0.5350  test_acc=0.3300
  ep  77  t=  0.0s  train_acc=0.5250  test_acc=0.3550
  ep  78  t=  0.0s  train_acc=0.5600  test_acc=0.3200
  ep  79  t=  0.0s  train_acc=0.5150  test_acc=0.3350
  ep  80  t=  0.0s  train_acc=0.5550  test_acc=0.3900
  ep  81  t=  0.0s  train_acc=0.5500  test_acc=0.3700
  ep  82  t=  0.0s  train_acc=0.5350  test_acc=0.3300
  ep  83  t=  0.0s  train_acc=0.5450  test_acc=0.3600
  ep  84  t=  0.0s  train_acc=0.5650  test_acc=0.3600
  ep  85  t=  0.0s  train_acc=0.5700  test_acc=0.3550
  ep  86  t=  0.0s  train_acc=0.5550  test_acc=0.3350
  ep  87  t=  0.0s  train_acc=0.5500  test_acc=0.3450
  ep  88  t=  0.0s  train_acc=0.5550  test_acc=0.3750
  ep  89  t=  0.0s  train_acc=0.5650  test_acc=0.3450
  ep  90  t=  0.0s  train_acc=0.5300  test_acc=0.3450
  ep  91  t=  0.0s  train_acc=0.5600  test_acc=0.3500
  ep  92  t=  0.0s  train_acc=0.5400  test_acc=0.3000
  ep  93  t=  0.0s  train_acc=0.5400  test_acc=0.3300
  ep  94  t=  0.0s  train_acc=0.5250  test_acc=0.3650
  ep  95  t=  0.0s  train_acc=0.5550  test_acc=0.3550
  ep  96  t=  0.0s  train_acc=0.5900  test_acc=0.3450
  ep  97  t=  0.0s  train_acc=0.5900  test_acc=0.3250
  ep  98  t=  0.0s  train_acc=0.5650  test_acc=0.3950
  ep  99  t=  0.0s  train_acc=0.5750  test_acc=0.3800
  ep 100  t=  0.0s  train_acc=0.5600  test_acc=0.3600
  ep 101  t=  0.0s  train_acc=0.5900  test_acc=0.3350
  ep 102  t=  0.0s  train_acc=0.5850  test_acc=0.3450
  ep 103  t=  0.0s  train_acc=0.5750  test_acc=0.3750
  ep 104  t=  0.0s  train_acc=0.5800  test_acc=0.3900
  ep 105  t=  0.0s  train_acc=0.5500  test_acc=0.3700
  ep 106  t=  0.0s  train_acc=0.6000  test_acc=0.4050
  ep 107  t=  0.0s  train_acc=0.5900  test_acc=0.4150
  ep 108  t=  0.0s  train_acc=0.6000  test_acc=0.3750
  ep 109  t=  0.0s  train_acc=0.6150  test_acc=0.3450
  ep 110  t=  0.0s  train_acc=0.5700  test_acc=0.3300
  ep 111  t=  0.0s  train_acc=0.5750  test_acc=0.3650
  ep 112  t=  0.0s  train_acc=0.6100  test_acc=0.4000
  ep 113  t=  0.0s  train_acc=0.5900  test_acc=0.4000
  ep 114  t=  0.0s  train_acc=0.5850  test_acc=0.3900
  ep 115  t=  0.0s  train_acc=0.5900  test_acc=0.3700
  ep 116  t=  0.0s  train_acc=0.5500  test_acc=0.3550
  ep 117  t=  0.0s  train_acc=0.5650  test_acc=0.4050
  ep 118  t=  0.0s  train_acc=0.5950  test_acc=0.4150
  ep 119  t=  0.0s  train_acc=0.6200  test_acc=0.4000
  ep 120  t=  0.0s  train_acc=0.6000  test_acc=0.3350
  ep 121  t=  0.0s  train_acc=0.5800  test_acc=0.3550
  ep 122  t=  0.0s  train_acc=0.5800  test_acc=0.3850
  ep 123  t=  0.0s  train_acc=0.5950  test_acc=0.4050
  ep 124  t=  0.0s  train_acc=0.6000  test_acc=0.4150
  ep 125  t=  0.0s  train_acc=0.6100  test_acc=0.3750
  ep 126  t=  0.0s  train_acc=0.6150  test_acc=0.3750
  ep 127  t=  0.0s  train_acc=0.5900  test_acc=0.3650
  ep 128  t=  0.0s  train_acc=0.6100  test_acc=0.3800
  ep 129  t=  0.0s  train_acc=0.6050  test_acc=0.4150
  ep 130  t=  0.0s  train_acc=0.6050  test_acc=0.3550
  ep 131  t=  0.0s  train_acc=0.6000  test_acc=0.3850
  ep 132  t=  0.0s  train_acc=0.5650  test_acc=0.3350
  ep 133  t=  0.0s  train_acc=0.6200  test_acc=0.3450
  ep 134  t=  0.0s  train_acc=0.6300  test_acc=0.3850
  ep 135  t=  0.0s  train_acc=0.6100  test_acc=0.3750
  ep 136  t=  0.0s  train_acc=0.6100  test_acc=0.3800
  ep 137  t=  0.0s  train_acc=0.6150  test_acc=0.3550
  ep 138  t=  0.0s  train_acc=0.5950  test_acc=0.3400
  ep 139  t=  0.0s  train_acc=0.6450  test_acc=0.3600
  ep 140  t=  0.0s  train_acc=0.6200  test_acc=0.3600
  ep 141  t=  0.0s  train_acc=0.6150  test_acc=0.3950
  ep 142  t=  0.0s  train_acc=0.6350  test_acc=0.3700
  ep 143  t=  0.0s  train_acc=0.6300  test_acc=0.3550
  ep 144  t=  0.0s  train_acc=0.6400  test_acc=0.3800
  ep 145  t=  0.0s  train_acc=0.6350  test_acc=0.3700
  ep 146  t=  0.0s  train_acc=0.6100  test_acc=0.3850
  ep 147  t=  0.0s  train_acc=0.6050  test_acc=0.3850
  ep 148  t=  0.0s  train_acc=0.6400  test_acc=0.3950
  ep 149  t=  0.0s  train_acc=0.6400  test_acc=0.3350
  ep 150  t=  0.0s  train_acc=0.6350  test_acc=0.3650
  ep 151  t=  0.0s  train_acc=0.6200  test_acc=0.3750
  ep 152  t=  0.0s  train_acc=0.5950  test_acc=0.3800
  ep 153  t=  0.0s  train_acc=0.6250  test_acc=0.4000
  ep 154  t=  0.0s  train_acc=0.6500  test_acc=0.3650
  ep 155  t=  0.0s  train_acc=0.6100  test_acc=0.3350
  ep 156  t=  0.0s  train_acc=0.6000  test_acc=0.3800
  ep 157  t=  0.0s  train_acc=0.6000  test_acc=0.3900
  ep 158  t=  0.0s  train_acc=0.6350  test_acc=0.3850
  ep 159  t=  0.0s  train_acc=0.6050  test_acc=0.3850
  ep 160  t=  0.0s  train_acc=0.6000  test_acc=0.3900
  ep 161  t=  0.0s  train_acc=0.6300  test_acc=0.4150
  ep 162  t=  0.0s  train_acc=0.6250  test_acc=0.3850
  ep 163  t=  0.0s  train_acc=0.5950  test_acc=0.3700
  ep 164  t=  0.0s  train_acc=0.6050  test_acc=0.3850
  ep 165  t=  0.0s  train_acc=0.6500  test_acc=0.4000
  ep 166  t=  0.0s  train_acc=0.6000  test_acc=0.3800
  ep 167  t=  0.0s  train_acc=0.6700  test_acc=0.4150
  ep 168  t=  0.0s  train_acc=0.6200  test_acc=0.3550
  ep 169  t=  0.0s  train_acc=0.5850  test_acc=0.3450
  ep 170  t=  0.0s  train_acc=0.6350  test_acc=0.3900
  ep 171  t=  0.0s  train_acc=0.6400  test_acc=0.3700
  ep 172  t=  0.0s  train_acc=0.6600  test_acc=0.4050
  ep 173  t=  0.0s  train_acc=0.6500  test_acc=0.3900
  ep 174  t=  0.0s  train_acc=0.6300  test_acc=0.4150
  ep 175  t=  0.0s  train_acc=0.6150  test_acc=0.3750
  ep 176  t=  0.0s  train_acc=0.5900  test_acc=0.3500
  ep 177  t=  0.0s  train_acc=0.6450  test_acc=0.4000
  ep 178  t=  0.0s  train_acc=0.6350  test_acc=0.3850
  ep 179  t=  0.0s  train_acc=0.6350  test_acc=0.3800
  ep 180  t=  0.0s  train_acc=0.6550  test_acc=0.3950
  ep 181  t=  0.0s  train_acc=0.6450  test_acc=0.3700
  ep 182  t=  0.0s  train_acc=0.6500  test_acc=0.3500
  ep 183  t=  0.0s  train_acc=0.6600  test_acc=0.3900
  ep 184  t=  0.0s  train_acc=0.6450  test_acc=0.4050
  ep 185  t=  0.0s  train_acc=0.6550  test_acc=0.4300
  ep 186  t=  0.0s  train_acc=0.6450  test_acc=0.4400
  ep 187  t=  0.0s  train_acc=0.6500  test_acc=0.3750
  ep 188  t=  0.0s  train_acc=0.6350  test_acc=0.3400
  ep 189  t=  0.0s  train_acc=0.6550  test_acc=0.3950
  ep 190  t=  0.0s  train_acc=0.6550  test_acc=0.3950
  ep 191  t=  0.0s  train_acc=0.6750  test_acc=0.3850
  ep 192  t=  0.0s  train_acc=0.6500  test_acc=0.3750
  ep 193  t=  0.0s  train_acc=0.6450  test_acc=0.3700
  ep 194  t=  0.0s  train_acc=0.6250  test_acc=0.3900
  ep 195  t=  0.0s  train_acc=0.6250  test_acc=0.3900
  ep 196  t=  0.0s  train_acc=0.6650  test_acc=0.4000
  ep 197  t=  0.0s  train_acc=0.6550  test_acc=0.3600
  ep 198  t=  0.0s  train_acc=0.6500  test_acc=0.3900
  ep 199  t=  0.0s  train_acc=0.6300  test_acc=0.4050
linear best test: 0.4400
