device: cpu
train: 10000, test: 2000
net params: {'total': 226026, 'layer_0': 8704, 'layer_1': 82432, 'layer_2': 134880, 'pool_bias': 10}
[ep 0 step     0 t=  10.0s] loss=2.327 (ema 2.327) acc=0.062 (ema 0.062)
[ep 0 step    20 t= 231.9s] loss=2.171 (ema 2.271) acc=0.125 (ema 0.123)
[ep 0 step    40 t= 457.4s] loss=2.008 (ema 2.155) acc=0.156 (ema 0.163)
[ep 0 step    60 t= 703.8s] loss=1.892 (ema 2.031) acc=0.312 (ema 0.219)
[ep 0 step    80 t= 908.0s] loss=1.986 (ema 1.979) acc=0.312 (ema 0.236)
[ep 0 step   100 t=1133.3s] loss=1.820 (ema 1.856) acc=0.188 (ema 0.277)
[ep 0 step   120 t=1345.5s] loss=1.559 (ema 1.761) acc=0.562 (ema 0.326)
[ep 0 step   140 t=1549.5s] loss=1.759 (ema 1.756) acc=0.250 (ema 0.337)
[ep 0 step   160 t=1754.4s] loss=1.745 (ema 1.718) acc=0.312 (ema 0.353)
[ep 0 step   180 t=1959.5s] loss=1.660 (ema 1.702) acc=0.531 (ema 0.361)
[ep 0 step   200 t=2164.0s] loss=1.696 (ema 1.654) acc=0.344 (ema 0.371)
[ep 0 step   220 t=2366.7s] loss=1.567 (ema 1.678) acc=0.531 (ema 0.363)
[ep 0 step   240 t=2571.2s] loss=1.899 (ema 1.677) acc=0.188 (ema 0.359)
[ep 0 step   260 t=2776.0s] loss=1.726 (ema 1.614) acc=0.281 (ema 0.391)
[ep 0 step   280 t=2980.9s] loss=1.408 (ema 1.532) acc=0.562 (ema 0.453)
[ep 0 step   300 t=3186.2s] loss=1.490 (ema 1.535) acc=0.469 (ema 0.436)
[ep 0 EVAL t=3317.7s] test_loss=1.457 test_acc=0.4185  rates=[0.1453, 0.2283, 0.5741]
  saved best ckpt to results/ckpt_overnight_default_10k.pt (test_acc=0.4185)
[ep 1 step   320 t=3400.3s] loss=1.405 (ema 1.442) acc=0.344 (ema 0.462)
[ep 1 step   340 t=3607.4s] loss=1.651 (ema 1.483) acc=0.281 (ema 0.422)
[ep 1 step   360 t=3816.0s] loss=1.375 (ema 1.496) acc=0.531 (ema 0.421)
[ep 1 step   380 t=4024.5s] loss=1.377 (ema 1.544) acc=0.406 (ema 0.389)
[ep 1 step   400 t=4233.3s] loss=1.373 (ema 1.532) acc=0.562 (ema 0.408)
[ep 1 step   420 t=4442.3s] loss=1.736 (ema 1.519) acc=0.281 (ema 0.425)
[ep 1 step   440 t=4651.0s] loss=1.501 (ema 1.517) acc=0.438 (ema 0.426)
[ep 1 step   460 t=4859.6s] loss=1.590 (ema 1.519) acc=0.375 (ema 0.414)
[ep 1 step   480 t=5068.6s] loss=1.648 (ema 1.509) acc=0.250 (ema 0.428)
[ep 1 step   500 t=5277.6s] loss=1.620 (ema 1.479) acc=0.344 (ema 0.430)
[ep 1 step   520 t=5486.6s] loss=1.284 (ema 1.410) acc=0.531 (ema 0.485)
[ep 1 step   540 t=5695.8s] loss=1.352 (ema 1.400) acc=0.438 (ema 0.457)
[ep 1 step   560 t=5904.0s] loss=1.260 (ema 1.402) acc=0.562 (ema 0.451)
[ep 1 step   580 t=6113.2s] loss=1.221 (ema 1.322) acc=0.406 (ema 0.511)
[ep 1 step   600 t=6322.5s] loss=1.194 (ema 1.327) acc=0.656 (ema 0.496)
[ep 1 step   620 t=6531.5s] loss=1.323 (ema 1.335) acc=0.656 (ema 0.508)
[ep 1 EVAL t=6592.9s] test_loss=1.360 test_acc=0.4725  rates=[0.1410, 0.2856, 0.5815]
  saved best ckpt to results/ckpt_overnight_default_10k.pt (test_acc=0.4725)
[ep 2 step   640 t=6750.0s] loss=1.571 (ema 1.311) acc=0.375 (ema 0.516)
[ep 2 step   660 t=6960.0s] loss=1.269 (ema 1.272) acc=0.531 (ema 0.540)
[ep 2 step   680 t=7170.0s] loss=1.265 (ema 1.256) acc=0.500 (ema 0.557)
[ep 2 step   700 t=7380.0s] loss=1.315 (ema 1.213) acc=0.500 (ema 0.558)
[ep 2 step   720 t=7590.1s] loss=1.181 (ema 1.270) acc=0.531 (ema 0.517)
[ep 2 step   740 t=7800.1s] loss=1.196 (ema 1.295) acc=0.594 (ema 0.529)
[ep 2 step   760 t=8011.2s] loss=1.099 (ema 1.272) acc=0.531 (ema 0.533)
[ep 2 step   780 t=8223.1s] loss=1.424 (ema 1.303) acc=0.375 (ema 0.512)
[ep 2 step   800 t=8434.3s] loss=1.321 (ema 1.276) acc=0.500 (ema 0.508)
[ep 2 step   820 t=8646.2s] loss=1.257 (ema 1.267) acc=0.500 (ema 0.517)
[ep 2 step   840 t=8855.8s] loss=1.091 (ema 1.267) acc=0.594 (ema 0.498)
[ep 2 step   860 t=9060.8s] loss=1.228 (ema 1.212) acc=0.500 (ema 0.533)
[ep 2 step   880 t=9271.7s] loss=1.604 (ema 1.243) acc=0.375 (ema 0.525)
[ep 2 step   900 t=9480.0s] loss=1.234 (ema 1.224) acc=0.500 (ema 0.540)
[ep 2 step   920 t=9691.0s] loss=1.256 (ema 1.237) acc=0.562 (ema 0.529)
[ep 2 EVAL t=9891.1s] test_loss=1.308 test_acc=0.4735  rates=[0.1368, 0.2853, 0.5802]
  saved best ckpt to results/ckpt_overnight_default_10k.pt (test_acc=0.4735)
[ep 3 step   940 t=9912.2s] loss=1.148 (ema 1.255) acc=0.656 (ema 0.527)
[ep 3 step   960 t=10121.6s] loss=1.249 (ema 1.272) acc=0.469 (ema 0.525)
[ep 3 step   980 t=10328.0s] loss=1.478 (ema 1.298) acc=0.438 (ema 0.515)
[ep 3 step  1000 t=10535.2s] loss=1.712 (ema 1.280) acc=0.344 (ema 0.513)
[ep 3 step  1020 t=10742.6s] loss=1.323 (ema 1.242) acc=0.406 (ema 0.539)
[ep 3 step  1040 t=10950.6s] loss=1.144 (ema 1.260) acc=0.562 (ema 0.532)
[ep 3 step  1060 t=11158.3s] loss=1.164 (ema 1.192) acc=0.562 (ema 0.565)
[ep 3 step  1080 t=11365.6s] loss=0.826 (ema 1.160) acc=0.781 (ema 0.574)
[ep 3 step  1100 t=11573.1s] loss=1.195 (ema 1.215) acc=0.469 (ema 0.544)
[ep 3 step  1120 t=11780.8s] loss=1.088 (ema 1.238) acc=0.500 (ema 0.531)
[ep 3 step  1140 t=11988.9s] loss=1.311 (ema 1.241) acc=0.594 (ema 0.547)
[ep 3 step  1160 t=12198.2s] loss=1.379 (ema 1.184) acc=0.438 (ema 0.538)
[ep 3 step  1180 t=12408.9s] loss=1.081 (ema 1.201) acc=0.594 (ema 0.551)
[ep 3 step  1200 t=12620.4s] loss=1.314 (ema 1.262) acc=0.500 (ema 0.536)
[ep 3 step  1220 t=12834.6s] loss=1.431 (ema 1.365) acc=0.438 (ema 0.476)
[ep 3 step  1240 t=13049.3s] loss=1.214 (ema 1.338) acc=0.562 (ema 0.484)
[ep 3 EVAL t=13174.9s] test_loss=1.376 test_acc=0.4725  rates=[0.1364, 0.3354, 0.5783]
[ep 4 step  1260 t=13268.3s] loss=1.197 (ema 1.276) acc=0.438 (ema 0.503)
[ep 4 step  1280 t=13475.8s] loss=1.375 (ema 1.270) acc=0.281 (ema 0.479)
[ep 4 step  1300 t=13683.1s] loss=1.366 (ema 1.264) acc=0.562 (ema 0.504)
[ep 4 step  1320 t=13889.7s] loss=1.345 (ema 1.264) acc=0.469 (ema 0.490)
[ep 4 step  1340 t=14096.7s] loss=1.178 (ema 1.270) acc=0.406 (ema 0.521)
[ep 4 step  1360 t=14303.7s] loss=1.400 (ema 1.272) acc=0.531 (ema 0.523)
[ep 4 step  1380 t=14510.4s] loss=1.168 (ema 1.250) acc=0.406 (ema 0.522)
[ep 4 step  1400 t=14717.6s] loss=1.313 (ema 1.227) acc=0.469 (ema 0.532)
[ep 4 step  1420 t=14925.2s] loss=1.360 (ema 1.258) acc=0.469 (ema 0.510)
[ep 4 step  1440 t=15135.2s] loss=1.075 (ema 1.234) acc=0.625 (ema 0.502)
[ep 4 step  1460 t=15348.8s] loss=1.321 (ema 1.291) acc=0.375 (ema 0.492)
[ep 4 step  1480 t=15560.0s] loss=1.375 (ema 1.273) acc=0.656 (ema 0.526)
[ep 4 step  1500 t=15771.5s] loss=1.071 (ema 1.223) acc=0.625 (ema 0.536)
[ep 4 step  1520 t=15980.2s] loss=1.165 (ema 1.240) acc=0.625 (ema 0.540)
[ep 4 step  1540 t=16188.5s] loss=1.716 (ema 1.276) acc=0.344 (ema 0.516)
[ep 4 step  1560 t=16397.6s] loss=1.148 (ema 1.210) acc=0.531 (ema 0.514)
[ep 4 EVAL t=16448.1s] test_loss=1.336 test_acc=0.4465  rates=[0.1336, 0.3602, 0.6031]
time budget reached: 16448.1s
best test acc: 0.4735
