loading SMNIST ...
train: 5000, test: 1000
building net ...
net params: {'total': 226026, 'layer_0': 8704, 'layer_1': 82432, 'layer_2': 134880, 'pool_bias': 10}
computing train features ...
  done in 36.4s, shape: torch.Size([5000, 240])
  feature stats: mean=0.3856, std=0.3701, zero_rate=0.0284
computing test features ...
  done in 7.5s, shape: torch.Size([1000, 240])

=== Linear head ===
  ep   0  t=  0.0s  train_acc=0.2778  test_acc=0.2640
  ep   1  t=  0.0s  train_acc=0.2982  test_acc=0.2920
  ep   2  t=  0.0s  train_acc=0.3218  test_acc=0.3360
  ep   3  t=  0.0s  train_acc=0.3310  test_acc=0.3070
  ep   4  t=  0.0s  train_acc=0.3928  test_acc=0.3610
  ep   5  t=  0.0s  train_acc=0.3870  test_acc=0.3730
  ep   6  t=  0.0s  train_acc=0.3832  test_acc=0.3550
  ep   7  t=  0.0s  train_acc=0.3820  test_acc=0.3780
  ep   8  t=  0.0s  train_acc=0.3918  test_acc=0.3810
  ep   9  t=  0.0s  train_acc=0.4094  test_acc=0.3730
  ep  10  t=  0.0s  train_acc=0.4028  test_acc=0.3630
  ep  11  t=  0.0s  train_acc=0.4086  test_acc=0.3690
  ep  12  t=  0.0s  train_acc=0.3828  test_acc=0.3880
  ep  13  t=  0.0s  train_acc=0.4162  test_acc=0.3750
  ep  14  t=  0.0s  train_acc=0.3880  test_acc=0.3650
  ep  15  t=  0.0s  train_acc=0.4176  test_acc=0.3840
  ep  16  t=  0.0s  train_acc=0.4310  test_acc=0.3910
  ep  17  t=  0.0s  train_acc=0.4344  test_acc=0.4120
  ep  18  t=  0.0s  train_acc=0.4476  test_acc=0.3930
  ep  19  t=  0.0s  train_acc=0.4218  test_acc=0.3930
  ep  20  t=  0.0s  train_acc=0.4164  test_acc=0.3870
  ep  21  t=  0.0s  train_acc=0.4418  test_acc=0.4130
  ep  22  t=  0.0s  train_acc=0.4376  test_acc=0.4000
  ep  23  t=  0.0s  train_acc=0.4466  test_acc=0.4200
  ep  24  t=  0.0s  train_acc=0.4464  test_acc=0.4090
  ep  25  t=  0.0s  train_acc=0.4292  test_acc=0.3940
  ep  26  t=  0.0s  train_acc=0.4438  test_acc=0.4100
  ep  27  t=  0.0s  train_acc=0.4490  test_acc=0.4270
  ep  28  t=  0.0s  train_acc=0.4378  test_acc=0.4170
  ep  29  t=  0.0s  train_acc=0.4520  test_acc=0.4100
  ep  30  t=  0.0s  train_acc=0.4666  test_acc=0.4400
  ep  31  t=  0.0s  train_acc=0.4512  test_acc=0.4150
  ep  32  t=  0.0s  train_acc=0.4370  test_acc=0.4360
  ep  33  t=  0.0s  train_acc=0.4422  test_acc=0.4050
  ep  34  t=  0.0s  train_acc=0.4512  test_acc=0.4200
  ep  35  t=  0.0s  train_acc=0.4682  test_acc=0.4110
  ep  36  t=  0.0s  train_acc=0.4736  test_acc=0.4380
  ep  37  t=  0.0s  train_acc=0.4674  test_acc=0.4120
  ep  38  t=  0.0s  train_acc=0.4576  test_acc=0.4270
  ep  39  t=  0.0s  train_acc=0.4732  test_acc=0.4250
  ep  40  t=  0.0s  train_acc=0.4456  test_acc=0.4050
  ep  41  t=  0.0s  train_acc=0.4710  test_acc=0.4400
  ep  42  t=  0.0s  train_acc=0.4548  test_acc=0.4340
  ep  43  t=  0.0s  train_acc=0.4636  test_acc=0.4190
  ep  44  t=  0.0s  train_acc=0.4692  test_acc=0.4140
  ep  45  t=  0.0s  train_acc=0.4674  test_acc=0.4370
  ep  46  t=  0.0s  train_acc=0.4644  test_acc=0.4350
  ep  47  t=  0.0s  train_acc=0.4750  test_acc=0.4330
  ep  48  t=  0.0s  train_acc=0.4530  test_acc=0.4420
  ep  49  t=  0.0s  train_acc=0.4856  test_acc=0.4290
  ep  50  t=  0.0s  train_acc=0.4846  test_acc=0.4400
  ep  51  t=  0.0s  train_acc=0.4828  test_acc=0.4420
  ep  52  t=  0.0s  train_acc=0.4800  test_acc=0.4300
  ep  53  t=  0.0s  train_acc=0.4684  test_acc=0.4330
  ep  54  t=  0.0s  train_acc=0.4844  test_acc=0.4420
  ep  55  t=  0.0s  train_acc=0.4702  test_acc=0.4280
  ep  56  t=  0.0s  train_acc=0.4764  test_acc=0.4260
  ep  57  t=  0.0s  train_acc=0.4986  test_acc=0.4430
  ep  58  t=  0.0s  train_acc=0.4934  test_acc=0.4410
  ep  59  t=  0.0s  train_acc=0.4710  test_acc=0.4540
  ep  60  t=  0.0s  train_acc=0.4834  test_acc=0.4500
  ep  61  t=  0.0s  train_acc=0.4876  test_acc=0.4410
  ep  62  t=  0.0s  train_acc=0.4912  test_acc=0.4470
  ep  63  t=  0.0s  train_acc=0.4960  test_acc=0.4370
  ep  64  t=  0.0s  train_acc=0.4954  test_acc=0.4340
  ep  65  t=  0.0s  train_acc=0.4918  test_acc=0.4430
  ep  66  t=  0.0s  train_acc=0.5054  test_acc=0.4650
  ep  67  t=  0.0s  train_acc=0.4890  test_acc=0.4450
  ep  68  t=  0.0s  train_acc=0.5008  test_acc=0.4330
  ep  69  t=  0.0s  train_acc=0.4930  test_acc=0.4590
  ep  70  t=  0.0s  train_acc=0.5002  test_acc=0.4570
  ep  71  t=  0.0s  train_acc=0.5022  test_acc=0.4530
  ep  72  t=  0.0s  train_acc=0.4936  test_acc=0.4480
  ep  73  t=  0.0s  train_acc=0.5090  test_acc=0.4680
  ep  74  t=  0.0s  train_acc=0.5030  test_acc=0.4520
  ep  75  t=  0.0s  train_acc=0.4908  test_acc=0.4320
  ep  76  t=  0.0s  train_acc=0.4930  test_acc=0.4410
  ep  77  t=  0.0s  train_acc=0.4934  test_acc=0.4490
  ep  78  t=  0.0s  train_acc=0.5026  test_acc=0.4610
  ep  79  t=  0.0s  train_acc=0.5056  test_acc=0.4380
linear best test: 0.4680

=== Pool-rate readout (per-class pool, only bias trainable) ===
  ep   0  t=  0.0s  train_acc=0.0986  test_acc=0.1070
  ep   1  t=  0.0s  train_acc=0.0986  test_acc=0.1070
  ep   2  t=  0.0s  train_acc=0.0986  test_acc=0.1070
  ep   3  t=  0.0s  train_acc=0.0986  test_acc=0.1070
  ep   4  t=  0.0s  train_acc=0.0986  test_acc=0.1070
  ep   5  t=  0.0s  train_acc=0.0986  test_acc=0.1070
  ep   6  t=  0.0s  train_acc=0.0986  test_acc=0.1070
  ep   7  t=  0.0s  train_acc=0.0986  test_acc=0.1070
  ep   8  t=  0.0s  train_acc=0.0986  test_acc=0.1070
  ep   9  t=  0.0s  train_acc=0.0986  test_acc=0.1070
  ep  10  t=  0.0s  train_acc=0.0986  test_acc=0.1070
  ep  11  t=  0.0s  train_acc=0.0986  test_acc=0.1070
  ep  12  t=  0.0s  train_acc=0.0986  test_acc=0.1070
  ep  13  t=  0.0s  train_acc=0.0984  test_acc=0.1050
  ep  14  t=  0.0s  train_acc=0.0980  test_acc=0.1040
  ep  15  t=  0.0s  train_acc=0.0964  test_acc=0.1030
  ep  16  t=  0.0s  train_acc=0.0948  test_acc=0.0980
  ep  17  t=  0.0s  train_acc=0.0896  test_acc=0.0950
  ep  18  t=  0.0s  train_acc=0.0842  test_acc=0.0890
  ep  19  t=  0.0s  train_acc=0.0794  test_acc=0.0840
  ep  20  t=  0.0s  train_acc=0.0738  test_acc=0.0770
  ep  21  t=  0.0s  train_acc=0.0658  test_acc=0.0720
  ep  22  t=  0.0s  train_acc=0.0606  test_acc=0.0710
  ep  23  t=  0.0s  train_acc=0.0560  test_acc=0.0670
  ep  24  t=  0.0s  train_acc=0.0544  test_acc=0.0650
  ep  25  t=  0.0s  train_acc=0.0498  test_acc=0.0600
  ep  26  t=  0.0s  train_acc=0.0462  test_acc=0.0570
  ep  27  t=  0.0s  train_acc=0.0452  test_acc=0.0570
  ep  28  t=  0.0s  train_acc=0.0442  test_acc=0.0540
  ep  29  t=  0.0s  train_acc=0.0438  test_acc=0.0500
  ep  30  t=  0.0s  train_acc=0.0426  test_acc=0.0540
  ep  31  t=  0.0s  train_acc=0.0440  test_acc=0.0500
  ep  32  t=  0.0s  train_acc=0.0434  test_acc=0.0490
  ep  33  t=  0.0s  train_acc=0.0448  test_acc=0.0520
  ep  34  t=  0.0s  train_acc=0.0490  test_acc=0.0520
  ep  35  t=  0.0s  train_acc=0.0512  test_acc=0.0500
  ep  36  t=  0.0s  train_acc=0.0554  test_acc=0.0510
  ep  37  t=  0.0s  train_acc=0.0568  test_acc=0.0520
  ep  38  t=  0.0s  train_acc=0.0596  test_acc=0.0530
  ep  39  t=  0.0s  train_acc=0.0624  test_acc=0.0560
  ep  40  t=  0.0s  train_acc=0.0638  test_acc=0.0570
  ep  41  t=  0.0s  train_acc=0.0650  test_acc=0.0550
  ep  42  t=  0.0s  train_acc=0.0670  test_acc=0.0540
  ep  43  t=  0.0s  train_acc=0.0688  test_acc=0.0530
  ep  44  t=  0.0s  train_acc=0.0688  test_acc=0.0550
  ep  45  t=  0.0s  train_acc=0.0682  test_acc=0.0560
  ep  46  t=  0.0s  train_acc=0.0690  test_acc=0.0570
  ep  47  t=  0.0s  train_acc=0.0692  test_acc=0.0560
  ep  48  t=  0.0s  train_acc=0.0720  test_acc=0.0560
  ep  49  t=  0.0s  train_acc=0.0720  test_acc=0.0550
  ep  50  t=  0.0s  train_acc=0.0698  test_acc=0.0580
  ep  51  t=  0.0s  train_acc=0.0696  test_acc=0.0590
  ep  52  t=  0.0s  train_acc=0.0698  test_acc=0.0580
  ep  53  t=  0.0s  train_acc=0.0704  test_acc=0.0600
  ep  54  t=  0.0s  train_acc=0.0698  test_acc=0.0620
  ep  55  t=  0.0s  train_acc=0.0678  test_acc=0.0590
  ep  56  t=  0.0s  train_acc=0.0678  test_acc=0.0570
  ep  57  t=  0.0s  train_acc=0.0682  test_acc=0.0580
  ep  58  t=  0.0s  train_acc=0.0688  test_acc=0.0590
  ep  59  t=  0.0s  train_acc=0.0708  test_acc=0.0580
  ep  60  t=  0.0s  train_acc=0.0714  test_acc=0.0580
  ep  61  t=  0.0s  train_acc=0.0694  test_acc=0.0580
  ep  62  t=  0.0s  train_acc=0.0724  test_acc=0.0560
  ep  63  t=  0.0s  train_acc=0.0722  test_acc=0.0560
  ep  64  t=  0.0s  train_acc=0.0730  test_acc=0.0560
  ep  65  t=  0.0s  train_acc=0.0732  test_acc=0.0570
  ep  66  t=  0.0s  train_acc=0.0720  test_acc=0.0580
  ep  67  t=  0.0s  train_acc=0.0724  test_acc=0.0570
  ep  68  t=  0.0s  train_acc=0.0736  test_acc=0.0580
  ep  69  t=  0.0s  train_acc=0.0738  test_acc=0.0540
  ep  70  t=  0.0s  train_acc=0.0746  test_acc=0.0560
  ep  71  t=  0.0s  train_acc=0.0722  test_acc=0.0580
  ep  72  t=  0.0s  train_acc=0.0722  test_acc=0.0590
  ep  73  t=  0.0s  train_acc=0.0720  test_acc=0.0570
  ep  74  t=  0.0s  train_acc=0.0710  test_acc=0.0580
  ep  75  t=  0.0s  train_acc=0.0724  test_acc=0.0550
  ep  76  t=  0.0s  train_acc=0.0714  test_acc=0.0580
  ep  77  t=  0.0s  train_acc=0.0724  test_acc=0.0560
  ep  78  t=  0.0s  train_acc=0.0718  test_acc=0.0580
  ep  79  t=  0.0s  train_acc=0.0726  test_acc=0.0580
pool_rate best test: 0.1070
