Loading SMNIST ...
train torch.Size([10000, 784]), test torch.Size([2000, 784])
M0=240, M1=240, K1_fanin=12
[ep 00 t=  57.4s] tr a0=0.0928 a1=0.1185 ac=0.1133 | te a0=0.1325 a1=0.1105 ac=0.1060 | best=0.1060 | om0=0.603 om1=0.1563
[ep 01 t= 291.7s] tr a0=0.4213 a1=0.5347 ac=0.5350 | te a0=0.3900 a1=0.4940 ac=0.4930 | best=0.4930 | om0=0.593 om1=0.1585
[ep 02 t= 557.9s] tr a0=0.5383 a1=0.3822 ac=0.3826 | te a0=0.5010 a1=0.3255 ac=0.3255 | best=0.4930 | om0=0.592 om1=0.1610
[ep 03 t= 825.9s] tr a0=0.5645 a1=0.6361 ac=0.6366 | te a0=0.5225 a1=0.5910 ac=0.5915 | best=0.5915 | om0=0.590 om1=0.1629
[ep 04 t=1089.5s] tr a0=0.5679 a1=0.6698 ac=0.6705 | te a0=0.5280 a1=0.6100 ac=0.6100 | best=0.6100 | om0=0.590 om1=0.1649
[ep 05 t=1335.0s] tr a0=0.6061 a1=0.6952 ac=0.6955 | te a0=0.5665 a1=0.6505 ac=0.6515 | best=0.6515 | om0=0.590 om1=0.1668
[ep 06 t=1599.7s] tr a0=0.6370 a1=0.6990 ac=0.6995 | te a0=0.5890 a1=0.6460 ac=0.6460 | best=0.6515 | om0=0.590 om1=0.1686
[ep 07 t=1866.1s] tr a0=0.6179 a1=0.7698 ac=0.7706 | te a0=0.5610 a1=0.6955 ac=0.6975 | best=0.6975 | om0=0.591 om1=0.1703
[ep 08 t=2135.1s] tr a0=0.6453 a1=0.7248 ac=0.7249 | te a0=0.6005 a1=0.6900 ac=0.6910 | best=0.6975 | om0=0.591 om1=0.1720
[ep 09 t=2378.3s] tr a0=0.6652 a1=0.7255 ac=0.7257 | te a0=0.6240 a1=0.7095 ac=0.7095 | best=0.7095 | om0=0.590 om1=0.1735
[ep 10 t=2643.0s] tr a0=0.6748 a1=0.7642 ac=0.7643 | te a0=0.6295 a1=0.7050 ac=0.7050 | best=0.7095 | om0=0.590 om1=0.1749
[ep 11 t=2909.2s] tr a0=0.6701 a1=0.7620 ac=0.7623 | te a0=0.6050 a1=0.7070 ac=0.7070 | best=0.7095 | om0=0.590 om1=0.1760
[ep 12 t=3174.9s] tr a0=0.6525 a1=0.8004 ac=0.8006 | te a0=0.6085 a1=0.7385 ac=0.7390 | best=0.7390 | om0=0.590 om1=0.1774
[ep 13 t=3440.6s] tr a0=0.6690 a1=0.6836 ac=0.6842 | te a0=0.6325 a1=0.6450 ac=0.6445 | best=0.7390 | om0=0.591 om1=0.1785
[ep 14 t=3706.7s] tr a0=0.6729 a1=0.8115 ac=0.8116 | te a0=0.6290 a1=0.7640 ac=0.7640 | best=0.7640 | om0=0.591 om1=0.1798
  LR decay: opt0.lr=0.0025, opt1.lr=0.0025
[ep 15 t=3945.0s] tr a0=0.7068 a1=0.8523 ac=0.8524 | te a0=0.6755 a1=0.8015 ac=0.8020 | best=0.8020 | om0=0.591 om1=0.1800
[ep 16 t=4215.9s] tr a0=0.7150 a1=0.8667 ac=0.8669 | te a0=0.6740 a1=0.8125 ac=0.8120 | best=0.8120 | om0=0.591 om1=0.1803
[ep 17 t=4484.0s] tr a0=0.7098 a1=0.8171 ac=0.8171 | te a0=0.6745 a1=0.7590 ac=0.7595 | best=0.8120 | om0=0.591 om1=0.1805
[ep 18 t=4751.9s] tr a0=0.7211 a1=0.8348 ac=0.8349 | te a0=0.6720 a1=0.7825 ac=0.7830 | best=0.8120 | om0=0.591 om1=0.1808
[ep 19 t=4997.3s] tr a0=0.7247 a1=0.8545 ac=0.8548 | te a0=0.6815 a1=0.8140 ac=0.8145 | best=0.8145 | om0=0.592 om1=0.1811
[ep 20 t=5261.8s] tr a0=0.7189 a1=0.8419 ac=0.8420 | te a0=0.6810 a1=0.8040 ac=0.8040 | best=0.8145 | om0=0.592 om1=0.1814
[ep 21 t=5528.0s] tr a0=0.7286 a1=0.8716 ac=0.8719 | te a0=0.6790 a1=0.8230 ac=0.8230 | best=0.8230 | om0=0.592 om1=0.1818
[ep 22 t=5783.8s] tr a0=0.7125 a1=0.8651 ac=0.8654 | te a0=0.6655 a1=0.8020 ac=0.8020 | best=0.8230 | om0=0.592 om1=0.1821
[ep 23 t=5912.9s] tr a0=0.7273 a1=0.8183 ac=0.8188 | te a0=0.6915 a1=0.7620 ac=0.7630 | best=0.8230 | om0=0.592 om1=0.1826
[ep 24 t=6032.1s] tr a0=0.7244 a1=0.8847 ac=0.8848 | te a0=0.6910 a1=0.8290 ac=0.8290 | best=0.8290 | om0=0.592 om1=0.1829
[ep 25 t=6150.9s] tr a0=0.7248 a1=0.8470 ac=0.8471 | te a0=0.6950 a1=0.8090 ac=0.8090 | best=0.8290 | om0=0.591 om1=0.1833

Best test acc (ensemble): 0.8290
