Loading SMNIST ...
train torch.Size([10000, 784]), test torch.Size([2000, 784])
M0=240, M1=240, K1_fanin=12
[ep 00 t=  27.2s] tr a0=0.0928 a1=0.1185 ac=0.1133 | te a0=0.1325 a1=0.1105 ac=0.1060 | best=0.1060 | om0=0.603 om1=0.1563
[ep 01 t= 144.9s] tr a0=0.4213 a1=0.5347 ac=0.5350 | te a0=0.3900 a1=0.4940 ac=0.4930 | best=0.4930 | om0=0.593 om1=0.1585
[ep 02 t= 259.9s] tr a0=0.5383 a1=0.3822 ac=0.3826 | te a0=0.5010 a1=0.3255 ac=0.3255 | best=0.4930 | om0=0.592 om1=0.1610
[ep 03 t= 374.5s] tr a0=0.5645 a1=0.6361 ac=0.6366 | te a0=0.5225 a1=0.5910 ac=0.5915 | best=0.5915 | om0=0.590 om1=0.1629
[ep 04 t= 489.7s] tr a0=0.5679 a1=0.6698 ac=0.6705 | te a0=0.5280 a1=0.6100 ac=0.6100 | best=0.6100 | om0=0.590 om1=0.1649
[ep 05 t= 606.0s] tr a0=0.6061 a1=0.6952 ac=0.6955 | te a0=0.5665 a1=0.6505 ac=0.6515 | best=0.6515 | om0=0.590 om1=0.1668
[ep 06 t= 735.4s] tr a0=0.6370 a1=0.6990 ac=0.6995 | te a0=0.5890 a1=0.6460 ac=0.6460 | best=0.6515 | om0=0.590 om1=0.1686
[ep 07 t= 926.3s] tr a0=0.6179 a1=0.7698 ac=0.7706 | te a0=0.5610 a1=0.6955 ac=0.6975 | best=0.6975 | om0=0.591 om1=0.1703
[ep 08 t=1114.9s] tr a0=0.6453 a1=0.7248 ac=0.7249 | te a0=0.6005 a1=0.6900 ac=0.6910 | best=0.6975 | om0=0.591 om1=0.1720
[ep 09 t=1238.1s] tr a0=0.6652 a1=0.7255 ac=0.7257 | te a0=0.6240 a1=0.7095 ac=0.7095 | best=0.7095 | om0=0.590 om1=0.1735
[ep 10 t=1358.9s] tr a0=0.6748 a1=0.7642 ac=0.7643 | te a0=0.6295 a1=0.7050 ac=0.7050 | best=0.7095 | om0=0.590 om1=0.1749
[ep 11 t=1489.5s] tr a0=0.6701 a1=0.7620 ac=0.7623 | te a0=0.6050 a1=0.7070 ac=0.7070 | best=0.7095 | om0=0.590 om1=0.1760
[ep 12 t=1710.3s] tr a0=0.6525 a1=0.8004 ac=0.8006 | te a0=0.6085 a1=0.7385 ac=0.7390 | best=0.7390 | om0=0.590 om1=0.1774
[ep 13 t=1895.2s] tr a0=0.6690 a1=0.6836 ac=0.6842 | te a0=0.6325 a1=0.6450 ac=0.6445 | best=0.7390 | om0=0.591 om1=0.1785
[ep 14 t=2137.5s] tr a0=0.6729 a1=0.8115 ac=0.8116 | te a0=0.6290 a1=0.7640 ac=0.7640 | best=0.7640 | om0=0.591 om1=0.1798
[ep 15 t=2349.4s] tr a0=0.6822 a1=0.7330 ac=0.7336 | te a0=0.6450 a1=0.7090 ac=0.7100 | best=0.7640 | om0=0.591 om1=0.1808

Best test acc (ensemble): 0.7640
