Loading SMNIST ...
train torch.Size([10000, 784]), test torch.Size([2000, 784])
M0=200, M1=200, M2=200, K1=12, K2=12
[ep 00 t=  43.2s] tr a0=0.109 a1=0.103 a2=0.107 ac=0.107 | te a0=0.088 a1=0.089 a2=0.092 ac=0.092 | best=0.0920 | om0=0.614 om1=0.149 om2=0.0391
[ep 01 t= 231.8s] tr a0=0.401 a1=0.572 a2=0.519 ac=0.636 | te a0=0.382 a1=0.523 a2=0.475 ac=0.584 | best=0.5840 | om0=0.607 om1=0.152 om2=0.0398
[ep 02 t= 418.4s] tr a0=0.485 a1=0.562 a2=0.597 ac=0.645 | te a0=0.430 a1=0.527 a2=0.550 ac=0.588 | best=0.5880 | om0=0.605 om1=0.154 om2=0.0405
[ep 03 t= 605.4s] tr a0=0.532 a1=0.583 a2=0.659 ac=0.693 | te a0=0.481 a1=0.545 a2=0.608 ac=0.617 | best=0.6165 | om0=0.605 om1=0.156 om2=0.0412
[ep 04 t= 792.2s] tr a0=0.499 a1=0.709 a2=0.711 ac=0.771 | te a0=0.456 a1=0.641 a2=0.638 ac=0.713 | best=0.7130 | om0=0.604 om1=0.158 om2=0.0419
[ep 05 t= 978.1s] tr a0=0.557 a1=0.715 a2=0.728 ac=0.780 | te a0=0.477 a1=0.667 a2=0.668 ac=0.714 | best=0.7135 | om0=0.604 om1=0.160 om2=0.0425
[ep 06 t=1166.7s] tr a0=0.588 a1=0.671 a2=0.716 ac=0.742 | te a0=0.517 a1=0.605 a2=0.632 ac=0.674 | best=0.7135 | om0=0.604 om1=0.161 om2=0.0431
[ep 07 t=1352.5s] tr a0=0.593 a1=0.744 a2=0.779 ac=0.825 | te a0=0.555 a1=0.686 a2=0.699 ac=0.751 | best=0.7515 | om0=0.604 om1=0.162 om2=0.0437
[ep 08 t=1540.0s] tr a0=0.596 a1=0.760 a2=0.710 ac=0.796 | te a0=0.527 a1=0.732 a2=0.668 ac=0.757 | best=0.7570 | om0=0.605 om1=0.164 om2=0.0443
[ep 09 t=1729.8s] tr a0=0.616 a1=0.710 a2=0.745 ac=0.794 | te a0=0.534 a1=0.625 a2=0.667 ac=0.714 | best=0.7570 | om0=0.605 om1=0.165 om2=0.0450
[ep 10 t=1919.6s] tr a0=0.613 a1=0.776 a2=0.764 ac=0.831 | te a0=0.578 a1=0.721 a2=0.693 ac=0.771 | best=0.7710 | om0=0.605 om1=0.166 om2=0.0456
[ep 11 t=2109.0s] tr a0=0.621 a1=0.748 a2=0.676 ac=0.783 | te a0=0.542 a1=0.698 a2=0.607 ac=0.719 | best=0.7710 | om0=0.605 om1=0.167 om2=0.0462
[ep 12 t=2299.3s] tr a0=0.642 a1=0.802 a2=0.776 ac=0.854 | te a0=0.582 a1=0.714 a2=0.703 ac=0.784 | best=0.7840 | om0=0.605 om1=0.168 om2=0.0469
[ep 13 t=2491.2s] tr a0=0.677 a1=0.872 a2=0.810 ac=0.874 | te a0=0.612 a1=0.826 a2=0.739 ac=0.826 | best=0.8255 | om0=0.604 om1=0.168 om2=0.0471
[ep 14 t=2686.2s] tr a0=0.679 a1=0.876 a2=0.774 ac=0.882 | te a0=0.631 a1=0.806 a2=0.674 ac=0.823 | best=0.8255 | om0=0.603 om1=0.168 om2=0.0473
[ep 15 t=2874.8s] tr a0=0.675 a1=0.824 a2=0.774 ac=0.869 | te a0=0.636 a1=0.771 a2=0.682 ac=0.808 | best=0.8255 | om0=0.603 om1=0.169 om2=0.0475
[ep 16 t=3064.0s] tr a0=0.692 a1=0.799 a2=0.834 ac=0.864 | te a0=0.634 a1=0.752 a2=0.753 ac=0.808 | best=0.8255 | om0=0.603 om1=0.169 om2=0.0477
[ep 17 t=3251.1s] tr a0=0.702 a1=0.799 a2=0.782 ac=0.855 | te a0=0.655 a1=0.750 a2=0.720 ac=0.808 | best=0.8255 | om0=0.602 om1=0.169 om2=0.0479
[ep 18 t=3442.9s] tr a0=0.695 a1=0.828 a2=0.791 ac=0.869 | te a0=0.628 a1=0.789 a2=0.704 ac=0.815 | best=0.8255 | om0=0.602 om1=0.170 om2=0.0481
[ep 19 t=3624.9s] tr a0=0.687 a1=0.844 a2=0.777 ac=0.870 | te a0=0.645 a1=0.798 a2=0.704 ac=0.832 | best=0.8320 | om0=0.602 om1=0.170 om2=0.0483
[ep 20 t=3816.1s] tr a0=0.705 a1=0.896 a2=0.847 ac=0.907 | te a0=0.665 a1=0.847 a2=0.790 ac=0.866 | best=0.8660 | om0=0.602 om1=0.171 om2=0.0485

Best test acc (ensemble): 0.8660
