loading SMNIST ...
train: 60000, test: 10000
building net ...
net params: {'total': 226026, 'layer_0': 8704, 'layer_1': 82432, 'layer_2': 134880, 'pool_bias': 10}
computing train features ...
  done in 404.7s, shape: torch.Size([60000, 240])
  feature stats: mean=0.3869, std=0.3690, zero_rate=0.0274
computing test features ...
  done in 70.9s, shape: torch.Size([10000, 240])

=== Linear head ===
  ep   0  t=  0.1s  train_acc=0.4153  test_acc=0.4136
  ep   1  t=  0.1s  train_acc=0.4480  test_acc=0.4455
  ep   2  t=  0.1s  train_acc=0.4773  test_acc=0.4733
  ep   3  t=  0.1s  train_acc=0.4745  test_acc=0.4738
  ep   4  t=  0.1s  train_acc=0.4897  test_acc=0.4854
  ep   5  t=  0.1s  train_acc=0.4927  test_acc=0.4825
  ep   6  t=  0.1s  train_acc=0.5032  test_acc=0.5037
  ep   7  t=  0.1s  train_acc=0.4848  test_acc=0.4813
  ep   8  t=  0.1s  train_acc=0.5199  test_acc=0.5140
  ep   9  t=  0.1s  train_acc=0.5266  test_acc=0.5221
  ep  10  t=  0.1s  train_acc=0.5278  test_acc=0.5237
  ep  11  t=  0.1s  train_acc=0.5130  test_acc=0.5125
  ep  12  t=  0.1s  train_acc=0.5222  test_acc=0.5192
  ep  13  t=  0.1s  train_acc=0.5324  test_acc=0.5288
  ep  14  t=  0.1s  train_acc=0.5368  test_acc=0.5299
  ep  15  t=  0.1s  train_acc=0.5191  test_acc=0.5174
  ep  16  t=  0.1s  train_acc=0.5289  test_acc=0.5220
  ep  17  t=  0.1s  train_acc=0.5314  test_acc=0.5306
  ep  18  t=  0.1s  train_acc=0.5396  test_acc=0.5367
  ep  19  t=  0.1s  train_acc=0.5404  test_acc=0.5386
  ep  20  t=  0.1s  train_acc=0.5336  test_acc=0.5276
  ep  21  t=  0.1s  train_acc=0.5359  test_acc=0.5285
  ep  22  t=  0.1s  train_acc=0.5399  test_acc=0.5346
  ep  23  t=  0.1s  train_acc=0.5383  test_acc=0.5305
  ep  24  t=  0.1s  train_acc=0.5252  test_acc=0.5165
  ep  25  t=  0.1s  train_acc=0.5266  test_acc=0.5198
  ep  26  t=  0.1s  train_acc=0.5510  test_acc=0.5429
  ep  27  t=  0.1s  train_acc=0.5363  test_acc=0.5355
  ep  28  t=  0.1s  train_acc=0.5151  test_acc=0.5099
  ep  29  t=  0.1s  train_acc=0.5462  test_acc=0.5380
  ep  30  t=  0.1s  train_acc=0.5414  test_acc=0.5382
  ep  31  t=  0.1s  train_acc=0.5473  test_acc=0.5388
  ep  32  t=  0.1s  train_acc=0.5464  test_acc=0.5386
  ep  33  t=  0.1s  train_acc=0.5569  test_acc=0.5497
  ep  34  t=  0.1s  train_acc=0.5039  test_acc=0.5031
  ep  35  t=  0.1s  train_acc=0.5371  test_acc=0.5341
  ep  36  t=  0.1s  train_acc=0.5327  test_acc=0.5325
  ep  37  t=  0.1s  train_acc=0.5547  test_acc=0.5498
  ep  38  t=  0.1s  train_acc=0.5294  test_acc=0.5218
  ep  39  t=  0.1s  train_acc=0.5481  test_acc=0.5438
  ep  40  t=  0.1s  train_acc=0.5560  test_acc=0.5477
  ep  41  t=  0.1s  train_acc=0.5623  test_acc=0.5549
  ep  42  t=  0.1s  train_acc=0.5528  test_acc=0.5456
  ep  43  t=  0.1s  train_acc=0.5415  test_acc=0.5335
  ep  44  t=  0.1s  train_acc=0.5569  test_acc=0.5497
  ep  45  t=  0.1s  train_acc=0.5571  test_acc=0.5485
  ep  46  t=  0.1s  train_acc=0.5435  test_acc=0.5333
  ep  47  t=  0.1s  train_acc=0.5586  test_acc=0.5545
  ep  48  t=  0.1s  train_acc=0.5556  test_acc=0.5493
  ep  49  t=  0.1s  train_acc=0.5559  test_acc=0.5520
  ep  50  t=  0.1s  train_acc=0.5468  test_acc=0.5367
  ep  51  t=  0.1s  train_acc=0.5580  test_acc=0.5513
  ep  52  t=  0.1s  train_acc=0.5365  test_acc=0.5309
  ep  53  t=  0.1s  train_acc=0.5516  test_acc=0.5459
  ep  54  t=  0.1s  train_acc=0.5469  test_acc=0.5393
  ep  55  t=  0.1s  train_acc=0.5604  test_acc=0.5507
  ep  56  t=  0.1s  train_acc=0.5611  test_acc=0.5520
  ep  57  t=  0.1s  train_acc=0.5565  test_acc=0.5473
  ep  58  t=  0.1s  train_acc=0.5530  test_acc=0.5467
  ep  59  t=  0.1s  train_acc=0.5282  test_acc=0.5216
  ep  60  t=  0.1s  train_acc=0.5609  test_acc=0.5525
  ep  61  t=  0.1s  train_acc=0.5429  test_acc=0.5415
  ep  62  t=  0.1s  train_acc=0.5497  test_acc=0.5478
  ep  63  t=  0.1s  train_acc=0.5563  test_acc=0.5470
  ep  64  t=  0.1s  train_acc=0.5476  test_acc=0.5342
  ep  65  t=  0.1s  train_acc=0.5537  test_acc=0.5426
  ep  66  t=  0.1s  train_acc=0.5420  test_acc=0.5363
  ep  67  t=  0.1s  train_acc=0.5526  test_acc=0.5455
  ep  68  t=  0.1s  train_acc=0.5612  test_acc=0.5540
  ep  69  t=  0.1s  train_acc=0.5546  test_acc=0.5513
  ep  70  t=  0.1s  train_acc=0.5508  test_acc=0.5467
  ep  71  t=  0.1s  train_acc=0.5561  test_acc=0.5481
  ep  72  t=  0.1s  train_acc=0.5524  test_acc=0.5442
  ep  73  t=  0.1s  train_acc=0.5676  test_acc=0.5610
  ep  74  t=  0.1s  train_acc=0.5503  test_acc=0.5397
  ep  75  t=  0.1s  train_acc=0.5528  test_acc=0.5451
  ep  76  t=  0.1s  train_acc=0.5531  test_acc=0.5453
  ep  77  t=  0.1s  train_acc=0.5493  test_acc=0.5375
  ep  78  t=  0.1s  train_acc=0.5565  test_acc=0.5491
  ep  79  t=  0.1s  train_acc=0.5458  test_acc=0.5364
  ep  80  t=  0.1s  train_acc=0.5584  test_acc=0.5496
  ep  81  t=  0.1s  train_acc=0.5621  test_acc=0.5524
  ep  82  t=  0.1s  train_acc=0.5426  test_acc=0.5320
  ep  83  t=  0.1s  train_acc=0.5399  test_acc=0.5342
  ep  84  t=  0.1s  train_acc=0.5623  test_acc=0.5536
  ep  85  t=  0.1s  train_acc=0.5565  test_acc=0.5473
  ep  86  t=  0.1s  train_acc=0.5593  test_acc=0.5487
  ep  87  t=  0.1s  train_acc=0.5476  test_acc=0.5438
  ep  88  t=  0.1s  train_acc=0.5557  test_acc=0.5473
  ep  89  t=  0.1s  train_acc=0.5549  test_acc=0.5447
  ep  90  t=  0.1s  train_acc=0.5518  test_acc=0.5456
  ep  91  t=  0.1s  train_acc=0.5486  test_acc=0.5377
  ep  92  t=  0.1s  train_acc=0.5424  test_acc=0.5330
  ep  93  t=  0.1s  train_acc=0.5617  test_acc=0.5546
  ep  94  t=  0.1s  train_acc=0.5578  test_acc=0.5513
  ep  95  t=  0.1s  train_acc=0.5627  test_acc=0.5506
  ep  96  t=  0.1s  train_acc=0.5375  test_acc=0.5315
  ep  97  t=  0.1s  train_acc=0.5570  test_acc=0.5481
  ep  98  t=  0.1s  train_acc=0.5591  test_acc=0.5496
  ep  99  t=  0.1s  train_acc=0.5672  test_acc=0.5588
  ep 100  t=  0.1s  train_acc=0.5325  test_acc=0.5275
  ep 101  t=  0.1s  train_acc=0.5491  test_acc=0.5376
  ep 102  t=  0.1s  train_acc=0.5676  test_acc=0.5594
  ep 103  t=  0.1s  train_acc=0.5663  test_acc=0.5587
  ep 104  t=  0.1s  train_acc=0.5598  test_acc=0.5496
  ep 105  t=  0.1s  train_acc=0.5587  test_acc=0.5483
  ep 106  t=  0.1s  train_acc=0.5556  test_acc=0.5491
  ep 107  t=  0.1s  train_acc=0.5504  test_acc=0.5460
  ep 108  t=  0.1s  train_acc=0.5607  test_acc=0.5463
  ep 109  t=  0.1s  train_acc=0.5643  test_acc=0.5557
  ep 110  t=  0.1s  train_acc=0.5569  test_acc=0.5496
  ep 111  t=  0.1s  train_acc=0.5561  test_acc=0.5496
  ep 112  t=  0.1s  train_acc=0.5532  test_acc=0.5451
  ep 113  t=  0.1s  train_acc=0.5553  test_acc=0.5481
  ep 114  t=  0.1s  train_acc=0.5659  test_acc=0.5574
  ep 115  t=  0.1s  train_acc=0.5536  test_acc=0.5431
  ep 116  t=  0.1s  train_acc=0.5566  test_acc=0.5473
  ep 117  t=  0.1s  train_acc=0.5673  test_acc=0.5600
  ep 118  t=  0.1s  train_acc=0.5225  test_acc=0.5195
  ep 119  t=  0.1s  train_acc=0.5648  test_acc=0.5570
  ep 120  t=  0.1s  train_acc=0.5606  test_acc=0.5515
  ep 121  t=  0.1s  train_acc=0.5666  test_acc=0.5605
  ep 122  t=  0.1s  train_acc=0.5442  test_acc=0.5371
  ep 123  t=  0.1s  train_acc=0.5472  test_acc=0.5417
  ep 124  t=  0.1s  train_acc=0.5576  test_acc=0.5507
  ep 125  t=  0.1s  train_acc=0.5439  test_acc=0.5338
  ep 126  t=  0.1s  train_acc=0.5638  test_acc=0.5577
  ep 127  t=  0.1s  train_acc=0.5597  test_acc=0.5522
  ep 128  t=  0.1s  train_acc=0.5596  test_acc=0.5526
  ep 129  t=  0.1s  train_acc=0.5594  test_acc=0.5528
  ep 130  t=  0.1s  train_acc=0.5680  test_acc=0.5608
  ep 131  t=  0.1s  train_acc=0.5616  test_acc=0.5533
  ep 132  t=  0.1s  train_acc=0.5621  test_acc=0.5527
  ep 133  t=  0.1s  train_acc=0.5523  test_acc=0.5418
  ep 134  t=  0.1s  train_acc=0.5556  test_acc=0.5490
  ep 135  t=  0.1s  train_acc=0.5637  test_acc=0.5512
  ep 136  t=  0.1s  train_acc=0.5525  test_acc=0.5419
  ep 137  t=  0.1s  train_acc=0.5589  test_acc=0.5487
  ep 138  t=  0.1s  train_acc=0.5732  test_acc=0.5653
  ep 139  t=  0.1s  train_acc=0.5663  test_acc=0.5613
  ep 140  t=  0.1s  train_acc=0.5680  test_acc=0.5614
  ep 141  t=  0.1s  train_acc=0.5565  test_acc=0.5472
  ep 142  t=  0.1s  train_acc=0.5694  test_acc=0.5612
  ep 143  t=  0.1s  train_acc=0.5707  test_acc=0.5655
  ep 144  t=  0.1s  train_acc=0.5616  test_acc=0.5534
  ep 145  t=  0.1s  train_acc=0.5508  test_acc=0.5422
  ep 146  t=  0.1s  train_acc=0.5545  test_acc=0.5448
  ep 147  t=  0.1s  train_acc=0.5529  test_acc=0.5404
  ep 148  t=  0.1s  train_acc=0.5548  test_acc=0.5461
  ep 149  t=  0.1s  train_acc=0.5622  test_acc=0.5563
  ep 150  t=  0.1s  train_acc=0.5626  test_acc=0.5504
  ep 151  t=  0.1s  train_acc=0.5509  test_acc=0.5411
  ep 152  t=  0.1s  train_acc=0.5612  test_acc=0.5493
  ep 153  t=  0.1s  train_acc=0.5619  test_acc=0.5538
  ep 154  t=  0.1s  train_acc=0.5536  test_acc=0.5417
  ep 155  t=  0.1s  train_acc=0.5697  test_acc=0.5593
  ep 156  t=  0.1s  train_acc=0.5605  test_acc=0.5503
  ep 157  t=  0.1s  train_acc=0.5530  test_acc=0.5425
  ep 158  t=  0.1s  train_acc=0.5614  test_acc=0.5497
  ep 159  t=  0.1s  train_acc=0.5710  test_acc=0.5625
  ep 160  t=  0.1s  train_acc=0.5591  test_acc=0.5523
  ep 161  t=  0.1s  train_acc=0.5635  test_acc=0.5561
  ep 162  t=  0.1s  train_acc=0.5563  test_acc=0.5483
  ep 163  t=  0.1s  train_acc=0.5641  test_acc=0.5555
  ep 164  t=  0.1s  train_acc=0.5585  test_acc=0.5493
  ep 165  t=  0.1s  train_acc=0.5615  test_acc=0.5537
  ep 166  t=  0.1s  train_acc=0.5463  test_acc=0.5412
  ep 167  t=  0.1s  train_acc=0.5508  test_acc=0.5412
  ep 168  t=  0.1s  train_acc=0.5587  test_acc=0.5483
  ep 169  t=  0.1s  train_acc=0.5688  test_acc=0.5586
  ep 170  t=  0.1s  train_acc=0.5591  test_acc=0.5487
  ep 171  t=  0.1s  train_acc=0.5597  test_acc=0.5508
  ep 172  t=  0.1s  train_acc=0.5648  test_acc=0.5543
  ep 173  t=  0.1s  train_acc=0.5535  test_acc=0.5460
  ep 174  t=  0.1s  train_acc=0.5590  test_acc=0.5518
  ep 175  t=  0.1s  train_acc=0.5608  test_acc=0.5527
  ep 176  t=  0.1s  train_acc=0.5630  test_acc=0.5545
  ep 177  t=  0.1s  train_acc=0.5552  test_acc=0.5459
  ep 178  t=  0.1s  train_acc=0.5615  test_acc=0.5535
  ep 179  t=  0.1s  train_acc=0.5567  test_acc=0.5445
  ep 180  t=  0.1s  train_acc=0.5577  test_acc=0.5487
  ep 181  t=  0.1s  train_acc=0.5643  test_acc=0.5562
  ep 182  t=  0.1s  train_acc=0.5700  test_acc=0.5599
  ep 183  t=  0.1s  train_acc=0.5684  test_acc=0.5590
  ep 184  t=  0.1s  train_acc=0.5637  test_acc=0.5549
  ep 185  t=  0.1s  train_acc=0.5664  test_acc=0.5589
  ep 186  t=  0.1s  train_acc=0.5678  test_acc=0.5603
  ep 187  t=  0.1s  train_acc=0.5624  test_acc=0.5554
  ep 188  t=  0.1s  train_acc=0.5505  test_acc=0.5400
  ep 189  t=  0.1s  train_acc=0.5613  test_acc=0.5539
  ep 190  t=  0.1s  train_acc=0.5462  test_acc=0.5333
  ep 191  t=  0.1s  train_acc=0.5499  test_acc=0.5385
  ep 192  t=  0.1s  train_acc=0.5636  test_acc=0.5559
  ep 193  t=  0.1s  train_acc=0.5662  test_acc=0.5554
  ep 194  t=  0.1s  train_acc=0.5564  test_acc=0.5462
  ep 195  t=  0.1s  train_acc=0.5540  test_acc=0.5454
  ep 196  t=  0.1s  train_acc=0.5582  test_acc=0.5493
  ep 197  t=  0.1s  train_acc=0.5475  test_acc=0.5405
  ep 198  t=  0.1s  train_acc=0.5672  test_acc=0.5591
  ep 199  t=  0.1s  train_acc=0.5626  test_acc=0.5563
linear best test: 0.5655

=== Pool-rate readout (per-class pool, only bias trainable) ===
  ep   0  t=  0.0s  train_acc=0.1022  test_acc=0.1010
  ep   1  t=  0.1s  train_acc=0.0745  test_acc=0.0697
  ep   2  t=  0.0s  train_acc=0.0507  test_acc=0.0517
  ep   3  t=  0.0s  train_acc=0.0709  test_acc=0.0737
  ep   4  t=  0.0s  train_acc=0.0693  test_acc=0.0707
  ep   5  t=  0.0s  train_acc=0.0708  test_acc=0.0720
  ep   6  t=  0.0s  train_acc=0.0718  test_acc=0.0752
  ep   7  t=  0.0s  train_acc=0.0702  test_acc=0.0723
  ep   8  t=  0.0s  train_acc=0.0716  test_acc=0.0739
  ep   9  t=  0.0s  train_acc=0.0719  test_acc=0.0717
  ep  10  t=  0.0s  train_acc=0.0713  test_acc=0.0732
  ep  11  t=  0.0s  train_acc=0.0730  test_acc=0.0722
  ep  12  t=  0.0s  train_acc=0.0694  test_acc=0.0729
  ep  13  t=  0.0s  train_acc=0.0731  test_acc=0.0752
  ep  14  t=  0.0s  train_acc=0.0701  test_acc=0.0729
  ep  15  t=  0.0s  train_acc=0.0722  test_acc=0.0760
  ep  16  t=  0.0s  train_acc=0.0731  test_acc=0.0743
  ep  17  t=  0.0s  train_acc=0.0711  test_acc=0.0730
  ep  18  t=  0.0s  train_acc=0.0691  test_acc=0.0702
  ep  19  t=  0.0s  train_acc=0.0712  test_acc=0.0721
  ep  20  t=  0.0s  train_acc=0.0710  test_acc=0.0751
  ep  21  t=  0.0s  train_acc=0.0736  test_acc=0.0757
  ep  22  t=  0.0s  train_acc=0.0746  test_acc=0.0761
  ep  23  t=  0.0s  train_acc=0.0720  test_acc=0.0730
  ep  24  t=  0.0s  train_acc=0.0728  test_acc=0.0730
  ep  25  t=  0.0s  train_acc=0.0725  test_acc=0.0742
  ep  26  t=  0.0s  train_acc=0.0711  test_acc=0.0727
  ep  27  t=  0.0s  train_acc=0.0751  test_acc=0.0761
  ep  28  t=  0.0s  train_acc=0.0713  test_acc=0.0746
  ep  29  t=  0.0s  train_acc=0.0740  test_acc=0.0750
  ep  30  t=  0.0s  train_acc=0.0723  test_acc=0.0726
  ep  31  t=  0.0s  train_acc=0.0730  test_acc=0.0757
  ep  32  t=  0.0s  train_acc=0.0695  test_acc=0.0723
  ep  33  t=  0.0s  train_acc=0.0727  test_acc=0.0735
  ep  34  t=  0.0s  train_acc=0.0700  test_acc=0.0716
  ep  35  t=  0.0s  train_acc=0.0700  test_acc=0.0718
  ep  36  t=  0.0s  train_acc=0.0721  test_acc=0.0753
  ep  37  t=  0.0s  train_acc=0.0740  test_acc=0.0772
  ep  38  t=  0.0s  train_acc=0.0720  test_acc=0.0750
  ep  39  t=  0.0s  train_acc=0.0732  test_acc=0.0739
  ep  40  t=  0.0s  train_acc=0.0709  test_acc=0.0721
  ep  41  t=  0.0s  train_acc=0.0736  test_acc=0.0742
  ep  42  t=  0.0s  train_acc=0.0723  test_acc=0.0737
  ep  43  t=  0.0s  train_acc=0.0737  test_acc=0.0740
  ep  44  t=  0.0s  train_acc=0.0698  test_acc=0.0718
  ep  45  t=  0.0s  train_acc=0.0699  test_acc=0.0720
  ep  46  t=  0.0s  train_acc=0.0764  test_acc=0.0771
  ep  47  t=  0.0s  train_acc=0.0687  test_acc=0.0703
  ep  48  t=  0.0s  train_acc=0.0691  test_acc=0.0711
  ep  49  t=  0.0s  train_acc=0.0703  test_acc=0.0719
  ep  50  t=  0.0s  train_acc=0.0727  test_acc=0.0749
  ep  51  t=  0.0s  train_acc=0.0707  test_acc=0.0730
  ep  52  t=  0.0s  train_acc=0.0720  test_acc=0.0731
  ep  53  t=  0.0s  train_acc=0.0723  test_acc=0.0739
  ep  54  t=  0.0s  train_acc=0.0706  test_acc=0.0726
  ep  55  t=  0.0s  train_acc=0.0702  test_acc=0.0739
  ep  56  t=  0.0s  train_acc=0.0699  test_acc=0.0721
  ep  57  t=  0.0s  train_acc=0.0728  test_acc=0.0754
  ep  58  t=  0.0s  train_acc=0.0698  test_acc=0.0719
  ep  59  t=  0.0s  train_acc=0.0714  test_acc=0.0741
  ep  60  t=  0.0s  train_acc=0.0753  test_acc=0.0753
  ep  61  t=  0.0s  train_acc=0.0731  test_acc=0.0752
  ep  62  t=  0.0s  train_acc=0.0742  test_acc=0.0764
  ep  63  t=  0.0s  train_acc=0.0713  test_acc=0.0723
  ep  64  t=  0.0s  train_acc=0.0701  test_acc=0.0717
  ep  65  t=  0.0s  train_acc=0.0726  test_acc=0.0740
  ep  66  t=  0.0s  train_acc=0.0703  test_acc=0.0716
  ep  67  t=  0.0s  train_acc=0.0724  test_acc=0.0737
  ep  68  t=  0.0s  train_acc=0.0711  test_acc=0.0742
  ep  69  t=  0.0s  train_acc=0.0710  test_acc=0.0711
  ep  70  t=  0.0s  train_acc=0.0724  test_acc=0.0738
  ep  71  t=  0.0s  train_acc=0.0705  test_acc=0.0736
  ep  72  t=  0.0s  train_acc=0.0741  test_acc=0.0762
  ep  73  t=  0.0s  train_acc=0.0722  test_acc=0.0743
  ep  74  t=  0.0s  train_acc=0.0720  test_acc=0.0725
  ep  75  t=  0.0s  train_acc=0.0719  test_acc=0.0747
  ep  76  t=  0.0s  train_acc=0.0713  test_acc=0.0729
  ep  77  t=  0.0s  train_acc=0.0723  test_acc=0.0722
  ep  78  t=  0.0s  train_acc=0.0702  test_acc=0.0709
  ep  79  t=  0.0s  train_acc=0.0711  test_acc=0.0732
  ep  80  t=  0.0s  train_acc=0.0703  test_acc=0.0724
  ep  81  t=  0.0s  train_acc=0.0742  test_acc=0.0739
  ep  82  t=  0.0s  train_acc=0.0723  test_acc=0.0736
  ep  83  t=  0.0s  train_acc=0.0719  test_acc=0.0717
  ep  84  t=  0.0s  train_acc=0.0719  test_acc=0.0754
  ep  85  t=  0.0s  train_acc=0.0711  test_acc=0.0719
  ep  86  t=  0.0s  train_acc=0.0708  test_acc=0.0719
  ep  87  t=  0.0s  train_acc=0.0738  test_acc=0.0738
  ep  88  t=  0.0s  train_acc=0.0715  test_acc=0.0723
  ep  89  t=  0.0s  train_acc=0.0718  test_acc=0.0733
  ep  90  t=  0.0s  train_acc=0.0699  test_acc=0.0721
  ep  91  t=  0.0s  train_acc=0.0725  test_acc=0.0733
  ep  92  t=  0.0s  train_acc=0.0718  test_acc=0.0727
  ep  93  t=  0.0s  train_acc=0.0738  test_acc=0.0750
  ep  94  t=  0.0s  train_acc=0.0704  test_acc=0.0714
  ep  95  t=  0.0s  train_acc=0.0721  test_acc=0.0750
  ep  96  t=  0.0s  train_acc=0.0732  test_acc=0.0740
  ep  97  t=  0.0s  train_acc=0.0691  test_acc=0.0715
  ep  98  t=  0.0s  train_acc=0.0743  test_acc=0.0762
  ep  99  t=  0.1s  train_acc=0.0716  test_acc=0.0730
  ep 100  t=  0.0s  train_acc=0.0702  test_acc=0.0728
  ep 101  t=  0.0s  train_acc=0.0731  test_acc=0.0752
  ep 102  t=  0.1s  train_acc=0.0737  test_acc=0.0755
  ep 103  t=  0.1s  train_acc=0.0708  test_acc=0.0718
  ep 104  t=  0.0s  train_acc=0.0718  test_acc=0.0745
  ep 105  t=  0.1s  train_acc=0.0698  test_acc=0.0725
  ep 106  t=  0.1s  train_acc=0.0713  test_acc=0.0729
  ep 107  t=  0.1s  train_acc=0.0717  test_acc=0.0737
  ep 108  t=  0.0s  train_acc=0.0706  test_acc=0.0722
  ep 109  t=  0.0s  train_acc=0.0738  test_acc=0.0761
  ep 110  t=  0.0s  train_acc=0.0708  test_acc=0.0715
  ep 111  t=  0.0s  train_acc=0.0738  test_acc=0.0735
  ep 112  t=  0.0s  train_acc=0.0712  test_acc=0.0730
  ep 113  t=  0.0s  train_acc=0.0723  test_acc=0.0743
  ep 114  t=  0.0s  train_acc=0.0763  test_acc=0.0766
  ep 115  t=  0.0s  train_acc=0.0705  test_acc=0.0742
  ep 116  t=  0.0s  train_acc=0.0718  test_acc=0.0744
  ep 117  t=  0.0s  train_acc=0.0729  test_acc=0.0742
  ep 118  t=  0.0s  train_acc=0.0700  test_acc=0.0720
  ep 119  t=  0.0s  train_acc=0.0708  test_acc=0.0733
  ep 120  t=  0.0s  train_acc=0.0768  test_acc=0.0786
  ep 121  t=  0.0s  train_acc=0.0745  test_acc=0.0773
  ep 122  t=  0.0s  train_acc=0.0715  test_acc=0.0725
  ep 123  t=  0.0s  train_acc=0.0760  test_acc=0.0773
  ep 124  t=  0.0s  train_acc=0.0753  test_acc=0.0756
  ep 125  t=  0.0s  train_acc=0.0701  test_acc=0.0710
  ep 126  t=  0.0s  train_acc=0.0720  test_acc=0.0730
  ep 127  t=  0.0s  train_acc=0.0725  test_acc=0.0729
  ep 128  t=  0.0s  train_acc=0.0749  test_acc=0.0760
  ep 129  t=  0.0s  train_acc=0.0712  test_acc=0.0716
  ep 130  t=  0.0s  train_acc=0.0712  test_acc=0.0741
  ep 131  t=  0.0s  train_acc=0.0706  test_acc=0.0748
  ep 132  t=  0.0s  train_acc=0.0713  test_acc=0.0726
  ep 133  t=  0.0s  train_acc=0.0726  test_acc=0.0733
  ep 134  t=  0.0s  train_acc=0.0737  test_acc=0.0753
  ep 135  t=  0.0s  train_acc=0.0710  test_acc=0.0725
  ep 136  t=  0.0s  train_acc=0.0742  test_acc=0.0738
  ep 137  t=  0.0s  train_acc=0.0727  test_acc=0.0744
  ep 138  t=  0.0s  train_acc=0.0752  test_acc=0.0775
  ep 139  t=  0.0s  train_acc=0.0720  test_acc=0.0744
  ep 140  t=  0.0s  train_acc=0.0728  test_acc=0.0727
  ep 141  t=  0.0s  train_acc=0.0705  test_acc=0.0728
  ep 142  t=  0.0s  train_acc=0.0746  test_acc=0.0751
  ep 143  t=  0.0s  train_acc=0.0697  test_acc=0.0714
  ep 144  t=  0.0s  train_acc=0.0692  test_acc=0.0708
  ep 145  t=  0.0s  train_acc=0.0751  test_acc=0.0763
  ep 146  t=  0.0s  train_acc=0.0727  test_acc=0.0756
  ep 147  t=  0.0s  train_acc=0.0727  test_acc=0.0741
  ep 148  t=  0.0s  train_acc=0.0724  test_acc=0.0750
  ep 149  t=  0.0s  train_acc=0.0739  test_acc=0.0767
  ep 150  t=  0.0s  train_acc=0.0689  test_acc=0.0703
  ep 151  t=  0.0s  train_acc=0.0700  test_acc=0.0722
  ep 152  t=  0.0s  train_acc=0.0708  test_acc=0.0727
  ep 153  t=  0.0s  train_acc=0.0741  test_acc=0.0752
  ep 154  t=  0.0s  train_acc=0.0719  test_acc=0.0723
  ep 155  t=  0.0s  train_acc=0.0722  test_acc=0.0754
  ep 156  t=  0.0s  train_acc=0.0742  test_acc=0.0739
  ep 157  t=  0.0s  train_acc=0.0692  test_acc=0.0710
  ep 158  t=  0.0s  train_acc=0.0701  test_acc=0.0716
  ep 159  t=  0.0s  train_acc=0.0678  test_acc=0.0693
  ep 160  t=  0.0s  train_acc=0.0729  test_acc=0.0743
  ep 161  t=  0.0s  train_acc=0.0697  test_acc=0.0711
  ep 162  t=  0.0s  train_acc=0.0715  test_acc=0.0721
  ep 163  t=  0.0s  train_acc=0.0704  test_acc=0.0714
  ep 164  t=  0.0s  train_acc=0.0710  test_acc=0.0710
  ep 165  t=  0.0s  train_acc=0.0715  test_acc=0.0749
  ep 166  t=  0.0s  train_acc=0.0705  test_acc=0.0717
  ep 167  t=  0.0s  train_acc=0.0717  test_acc=0.0725
  ep 168  t=  0.0s  train_acc=0.0682  test_acc=0.0712
  ep 169  t=  0.0s  train_acc=0.0692  test_acc=0.0707
  ep 170  t=  0.0s  train_acc=0.0738  test_acc=0.0744
  ep 171  t=  0.0s  train_acc=0.0707  test_acc=0.0741
  ep 172  t=  0.0s  train_acc=0.0711  test_acc=0.0736
  ep 173  t=  0.0s  train_acc=0.0717  test_acc=0.0727
  ep 174  t=  0.0s  train_acc=0.0702  test_acc=0.0739
  ep 175  t=  0.0s  train_acc=0.0736  test_acc=0.0749
  ep 176  t=  0.0s  train_acc=0.0704  test_acc=0.0740
  ep 177  t=  0.0s  train_acc=0.0706  test_acc=0.0716
  ep 178  t=  0.0s  train_acc=0.0694  test_acc=0.0701
  ep 179  t=  0.0s  train_acc=0.0722  test_acc=0.0738
  ep 180  t=  0.0s  train_acc=0.0717  test_acc=0.0726
  ep 181  t=  0.0s  train_acc=0.0692  test_acc=0.0693
  ep 182  t=  0.0s  train_acc=0.0716  test_acc=0.0724
  ep 183  t=  0.0s  train_acc=0.0711  test_acc=0.0715
  ep 184  t=  0.0s  train_acc=0.0721  test_acc=0.0730
  ep 185  t=  0.0s  train_acc=0.0744  test_acc=0.0742
  ep 186  t=  0.0s  train_acc=0.0752  test_acc=0.0746
  ep 187  t=  0.0s  train_acc=0.0718  test_acc=0.0749
  ep 188  t=  0.0s  train_acc=0.0704  test_acc=0.0721
  ep 189  t=  0.0s  train_acc=0.0749  test_acc=0.0761
  ep 190  t=  0.0s  train_acc=0.0769  test_acc=0.0786
  ep 191  t=  0.0s  train_acc=0.0704  test_acc=0.0730
  ep 192  t=  0.0s  train_acc=0.0694  test_acc=0.0715
  ep 193  t=  0.0s  train_acc=0.0701  test_acc=0.0720
  ep 194  t=  0.0s  train_acc=0.0702  test_acc=0.0724
  ep 195  t=  0.0s  train_acc=0.0725  test_acc=0.0753
  ep 196  t=  0.0s  train_acc=0.0728  test_acc=0.0759
  ep 197  t=  0.0s  train_acc=0.0692  test_acc=0.0712
  ep 198  t=  0.0s  train_acc=0.0719  test_acc=0.0721
  ep 199  t=  0.0s  train_acc=0.0710  test_acc=0.0719
pool_rate best test: 0.1010
